Using pre-set license
Built from '2020.3/staging' branch; Version is '2020.3.22f1 (e1a7f79fd887) revision 14788599'; Using compiler version '192528614'; Build Type 'Release'
OS: 'Windows 10 Education; OS build 18363.1977; Version 1909; 64bit' Language: 'de' Physical Memory: 130751 MB
BatchMode: 1, IsHumanControllingUs: 0, StartBugReporterOnCrash: 0, Is64bit: 1, IsPro: 0

COMMAND LINE ARGUMENTS:
D:\Unity3D\Editor\2020.3.22f1\Editor\Unity.exe
-adb2
-batchMode
-noUpm
-name
AssetImportWorker0
-projectPath
D:/Studium/WS 2021_22/VR/Jouney-to-Lunar-Rim/Journey to Lunar Rim
-logFile
Logs/AssetImportWorker0.log
-srvPort
61624
Successfully changed project path to: D:/Studium/WS 2021_22/VR/Jouney-to-Lunar-Rim/Journey to Lunar Rim
D:/Studium/WS 2021_22/VR/Jouney-to-Lunar-Rim/Journey to Lunar Rim
Using Asset Import Pipeline V2.
Refreshing native plugins compatible for Editor in 32.18 ms, found 2 plugins.
Preloading 0 native plugins for Editor in 0.00 ms.
Initialize engine version: 2020.3.22f1 (e1a7f79fd887)
[Subsystems] Discovering subsystems at path D:/Unity3D/Editor/2020.3.22f1/Editor/Data/Resources/UnitySubsystems
[Subsystems] Discovering subsystems at path D:/Studium/WS 2021_22/VR/Jouney-to-Lunar-Rim/Journey to Lunar Rim/Assets
GfxDevice: creating device client; threaded=0
Direct3D:
    Version:  Direct3D 11.0 [level 11.1]
    Renderer: NVIDIA GeForce RTX 2080 Ti (ID=0x1e07)
    Vendor:   
    VRAM:     11048 MB
    Driver:   27.21.14.6663
Initialize mono
Mono path[0] = 'D:/Unity3D/Editor/2020.3.22f1/Editor/Data/Managed'
Mono path[1] = 'D:/Unity3D/Editor/2020.3.22f1/Editor/Data/MonoBleedingEdge/lib/mono/unityjit'
Mono config path = 'D:/Unity3D/Editor/2020.3.22f1/Editor/Data/MonoBleedingEdge/etc'
Using monoOptions --debugger-agent=transport=dt_socket,embedding=1,server=y,suspend=n,address=127.0.0.1:56604
Begin MonoManager ReloadAssembly
Registering precompiled unity dll's ...
Register platform support module: D:/Unity3D/Editor/2020.3.22f1/Editor/Data/PlaybackEngines/WindowsStandaloneSupport/UnityEditor.WindowsStandalone.Extensions.dll
Registered in 0.000809 seconds.
Native extension for WindowsStandalone target not found
Refreshing native plugins compatible for Editor in 29.31 ms, found 2 plugins.
Preloading 0 native plugins for Editor in 0.00 ms.
Mono: successfully reloaded assembly
- Completed reload, in  1.374 seconds
Domain Reload Profiling:
	ReloadAssembly (1374ms)
		BeginReloadAssembly (45ms)
			ExecutionOrderSort (0ms)
			DisableScriptedObjects (0ms)
			BackupInstance (0ms)
			ReleaseScriptingObjects (0ms)
			CreateAndSetChildDomain (1ms)
		EndReloadAssembly (407ms)
			LoadAssemblies (44ms)
			RebuildTransferFunctionScriptingTraits (0ms)
			SetupTypeCache (137ms)
			ReleaseScriptCaches (0ms)
			RebuildScriptCaches (28ms)
			SetupLoadedEditorAssemblies (140ms)
				LogAssemblyErrors (0ms)
				InitializePlatformSupportModulesInManaged (3ms)
				SetLoadedEditorAssemblies (0ms)
				RefreshPlugins (29ms)
				BeforeProcessingInitializeOnLoad (12ms)
				ProcessInitializeOnLoadAttributes (71ms)
				ProcessInitializeOnLoadMethodAttributes (24ms)
				AfterProcessingInitializeOnLoad (0ms)
				EditorAssembliesLoaded (0ms)
			ExecutionOrderSort2 (0ms)
			AwakeInstancesAfterBackupRestoration (0ms)
Platform modules already initialized, skipping
Registering precompiled user dll's ...
Registered in 0.002749 seconds.
Begin MonoManager ReloadAssembly
Native extension for WindowsStandalone target not found
Refreshing native plugins compatible for Editor in 0.50 ms, found 2 plugins.
Preloading 0 native plugins for Editor in 0.00 ms.
Mono: successfully reloaded assembly
- Completed reload, in  1.016 seconds
Domain Reload Profiling:
	ReloadAssembly (1017ms)
		BeginReloadAssembly (128ms)
			ExecutionOrderSort (0ms)
			DisableScriptedObjects (4ms)
			BackupInstance (0ms)
			ReleaseScriptingObjects (0ms)
			CreateAndSetChildDomain (21ms)
		EndReloadAssembly (838ms)
			LoadAssemblies (173ms)
			RebuildTransferFunctionScriptingTraits (0ms)
			SetupTypeCache (252ms)
			ReleaseScriptCaches (1ms)
			RebuildScriptCaches (39ms)
			SetupLoadedEditorAssemblies (281ms)
				LogAssemblyErrors (0ms)
				InitializePlatformSupportModulesInManaged (4ms)
				SetLoadedEditorAssemblies (0ms)
				RefreshPlugins (1ms)
				BeforeProcessingInitializeOnLoad (77ms)
				ProcessInitializeOnLoadAttributes (189ms)
				ProcessInitializeOnLoadMethodAttributes (8ms)
				AfterProcessingInitializeOnLoad (2ms)
				EditorAssembliesLoaded (0ms)
			ExecutionOrderSort2 (0ms)
			AwakeInstancesAfterBackupRestoration (5ms)
Platform modules already initialized, skipping
========================================================================
Worker process is ready to serve import requests
Launched and connected shader compiler UnityShaderCompiler.exe after 0.05 seconds
Refreshing native plugins compatible for Editor in 0.50 ms, found 2 plugins.
Preloading 0 native plugins for Editor in 0.00 ms.
Unloading 1593 Unused Serialized files (Serialized files now loaded: 0)
System memory in use before: 72.3 MB.
System memory in use after: 72.4 MB.

Unloading 20 unused Assets to reduce memory usage. Loaded Objects now: 2030.
Total: 3.723000 ms (FindLiveObjects: 0.246800 ms CreateObjectMapping: 0.049600 ms MarkObjects: 3.334600 ms  DeleteObjects: 0.091000 ms)

AssetImportParameters requested are different than current active one (requested -> active):
  custom:framework-win-MediaFoundation: 216162199b28c13a410421893ffa2e32 -> 
  custom:video-decoder-ogg-theora: a1e56fd34408186e4bbccfd4996cb3dc -> 
  custom:container-muxer-webm: aa71ff27fc2769a1b78a27578f13a17b -> 
  custom:container-demuxer-webm: 4f35f7cbe854078d1ac9338744f61a02 -> 
  custom:container-demuxer-ogg: 62fdf1f143b41e24485cea50d1cbac27 -> 
  custom:video-encoder-webm-vp8: eb34c28f22e8b96e1ab97ce403110664 -> 
  custom:video-decoder-webm-vp8: 9c59270c3fd7afecdb556c50c9e8de78 -> 
  custom:audio-decoder-ogg-vorbis: bf7c407c2cedff20999df2af8eb42d56 -> 
  custom:audio-encoder-webm-vorbis: bf7c407c2cedff20999df2af8eb42d56 -> 
========================================================================
Received Import Request.
  path: Assets/Prefabs/Menu/Border.prefab
  artifactKey: Guid(7fd98b9a652784e409ac7ab94c122ecb) Importer(815301076,1909f56bfc062723c751e8b465ee728b)
Start importing Assets/Prefabs/Menu/Border.prefab using Guid(7fd98b9a652784e409ac7ab94c122ecb) Importer(815301076,1909f56bfc062723c751e8b465ee728b)  -> (artifact id: '73a794c2daf6b8c073a4b3298dac4929') in 0.166848 seconds 
  Import took 0.169951 seconds .

========================================================================
Received Import Request.
  Time since last request: 8.175725 seconds.
  path: Assets/Prefabs/Menu/Border.prefab
  artifactKey: Guid(7fd98b9a652784e409ac7ab94c122ecb) Importer(815301076,1909f56bfc062723c751e8b465ee728b)
Start importing Assets/Prefabs/Menu/Border.prefab using Guid(7fd98b9a652784e409ac7ab94c122ecb) Importer(815301076,1909f56bfc062723c751e8b465ee728b)  -> (artifact id: '6e74f5cadab377448e1ace12fb294863') in 0.035079 seconds 
  Import took 0.038224 seconds .

========================================================================
Received Import Request.
  Time since last request: 339.863152 seconds.
  path: Assets/Prefabs/Menu/background 2.png
  artifactKey: Guid(d2ff6cf7afdefc549b629bae945bed0b) Importer(815301076,1909f56bfc062723c751e8b465ee728b)
Start importing Assets/Prefabs/Menu/background 2.png using Guid(d2ff6cf7afdefc549b629bae945bed0b) Importer(815301076,1909f56bfc062723c751e8b465ee728b)  -> (artifact id: '1c62db37e55694d26b3287a42a1db460') in 0.111218 seconds 
  Import took 0.114805 seconds .

========================================================================
Received Import Request.
  Time since last request: 57.705524 seconds.
  path: Assets/Prefabs/Menu/Player with pointer 1.prefab
  artifactKey: Guid(b5e4587170f948041ac18469a0f61fc1) Importer(815301076,1909f56bfc062723c751e8b465ee728b)
Start importing Assets/Prefabs/Menu/Player with pointer 1.prefab using Guid(b5e4587170f948041ac18469a0f61fc1) Importer(815301076,1909f56bfc062723c751e8b465ee728b)  -> (artifact id: '189f2a846372c86dfc17a2da25814846') in 0.026284 seconds 
  Import took 0.029833 seconds .

========================================================================
Received Import Request.
  Time since last request: 13.773043 seconds.
  path: Assets/Prefabs/Menu/Player with pointer 1.prefab
  artifactKey: Guid(b5e4587170f948041ac18469a0f61fc1) Importer(815301076,1909f56bfc062723c751e8b465ee728b)
Start importing Assets/Prefabs/Menu/Player with pointer 1.prefab using Guid(b5e4587170f948041ac18469a0f61fc1) Importer(815301076,1909f56bfc062723c751e8b465ee728b)  -> (artifact id: '78256f9d6f9c1c5518a52d70b32fc1d7') in 0.013453 seconds 
  Import took 0.016866 seconds .

========================================================================
Received Import Request.
  Time since last request: 10.668403 seconds.
  path: Assets/Prefabs/Menu/Player with pointer 1.prefab
  artifactKey: Guid(b5e4587170f948041ac18469a0f61fc1) Importer(815301076,1909f56bfc062723c751e8b465ee728b)
Start importing Assets/Prefabs/Menu/Player with pointer 1.prefab using Guid(b5e4587170f948041ac18469a0f61fc1) Importer(815301076,1909f56bfc062723c751e8b465ee728b)  -> (artifact id: 'd5735b1903cabac066c853a7867f26e1') in 0.010836 seconds 
  Import took 0.014295 seconds .

========================================================================
Received Import Request.
  Time since last request: 19.888706 seconds.
  path: Assets/Prefabs/Menu/Player with pointer 1.prefab
  artifactKey: Guid(b5e4587170f948041ac18469a0f61fc1) Importer(815301076,1909f56bfc062723c751e8b465ee728b)
Start importing Assets/Prefabs/Menu/Player with pointer 1.prefab using Guid(b5e4587170f948041ac18469a0f61fc1) Importer(815301076,1909f56bfc062723c751e8b465ee728b)  -> (artifact id: 'c3c131bc73801d134a06834b0c15fbe4') in 0.011069 seconds 
  Import took 0.014153 seconds .

========================================================================
Received Import Request.
  Time since last request: 1023.561808 seconds.
  path: Assets/Prefabs/Menu/Border.prefab
  artifactKey: Guid(7fd98b9a652784e409ac7ab94c122ecb) Importer(815301076,1909f56bfc062723c751e8b465ee728b)
Start importing Assets/Prefabs/Menu/Border.prefab using Guid(7fd98b9a652784e409ac7ab94c122ecb) Importer(815301076,1909f56bfc062723c751e8b465ee728b)  -> (artifact id: '636260c4191f531aba5bee1947fb24d1') in 0.030454 seconds 
  Import took 0.034103 seconds .

========================================================================
Received Import Request.
  Time since last request: 216.410450 seconds.
  path: Assets/Scenes/menu.unity
  artifactKey: Guid(757522de12e9e2f448f5104c228f0214) Importer(815301076,1909f56bfc062723c751e8b465ee728b)
Start importing Assets/Scenes/menu.unity using Guid(757522de12e9e2f448f5104c228f0214) Importer(815301076,1909f56bfc062723c751e8b465ee728b)  -> (artifact id: 'bbb85c81719f4329a374fa6e9dada18f') in 0.016428 seconds 
  Import took 0.019506 seconds .

========================================================================
Received Import Request.
  Time since last request: 185.376281 seconds.
  path: Assets/Scenes/Archiv.unity
  artifactKey: Guid(dae678949ada91f4d914e551b726e2fe) Importer(815301076,1909f56bfc062723c751e8b465ee728b)
Start importing Assets/Scenes/Archiv.unity using Guid(dae678949ada91f4d914e551b726e2fe) Importer(815301076,1909f56bfc062723c751e8b465ee728b)  -> (artifact id: 'aa31684fdfdc5f960864e5fd4c006c84') in 0.001538 seconds 
  Import took 0.004967 seconds .

========================================================================
Received Import Request.
  Time since last request: 185.001990 seconds.
  path: Assets/Scenes/menu.unity
  artifactKey: Guid(757522de12e9e2f448f5104c228f0214) Importer(815301076,1909f56bfc062723c751e8b465ee728b)
Start importing Assets/Scenes/menu.unity using Guid(757522de12e9e2f448f5104c228f0214) Importer(815301076,1909f56bfc062723c751e8b465ee728b)  -> (artifact id: 'f8c8b84c09c0d3b870ccbbff28727da2') in 0.001581 seconds 
  Import took 0.026852 seconds .

========================================================================
Received Prepare
Registering precompiled user dll's ...
Registered in 0.002569 seconds.
Begin MonoManager ReloadAssembly
Native extension for WindowsStandalone target not found
Refreshing native plugins compatible for Editor in 0.50 ms, found 2 plugins.
Preloading 0 native plugins for Editor in 0.00 ms.
Mono: successfully reloaded assembly
- Completed reload, in  0.855 seconds
Domain Reload Profiling:
	ReloadAssembly (855ms)
		BeginReloadAssembly (100ms)
			ExecutionOrderSort (0ms)
			DisableScriptedObjects (4ms)
			BackupInstance (0ms)
			ReleaseScriptingObjects (0ms)
			CreateAndSetChildDomain (39ms)
		EndReloadAssembly (705ms)
			LoadAssemblies (72ms)
			RebuildTransferFunctionScriptingTraits (0ms)
			SetupTypeCache (247ms)
			ReleaseScriptCaches (1ms)
			RebuildScriptCaches (34ms)
			SetupLoadedEditorAssemblies (264ms)
				LogAssemblyErrors (0ms)
				InitializePlatformSupportModulesInManaged (4ms)
				SetLoadedEditorAssemblies (0ms)
				RefreshPlugins (1ms)
				BeforeProcessingInitializeOnLoad (71ms)
				ProcessInitializeOnLoadAttributes (178ms)
				ProcessInitializeOnLoadMethodAttributes (7ms)
				AfterProcessingInitializeOnLoad (2ms)
				EditorAssembliesLoaded (0ms)
			ExecutionOrderSort2 (0ms)
			AwakeInstancesAfterBackupRestoration (6ms)
Platform modules already initialized, skipping
Switching build target platform(19) subTarget(0) extendedPlatform(0) -> platform(13) subTarget(524288) extendedPlatform(0)
Refreshing native plugins compatible for Editor in 0.50 ms, found 2 plugins.
Preloading 0 native plugins for Editor in 0.00 ms.
Unloading 1586 Unused Serialized files (Serialized files now loaded: 0)
System memory in use before: 75.1 MB.
System memory in use after: 75.2 MB.

Unloading 16 unused Assets to reduce memory usage. Loaded Objects now: 2043.
Total: 3.632700 ms (FindLiveObjects: 0.248100 ms CreateObjectMapping: 0.038300 ms MarkObjects: 3.317900 ms  DeleteObjects: 0.027100 ms)

AssetImportParameters requested are different than current active one (requested -> active):
  custom:framework-win-MediaFoundation: 216162199b28c13a410421893ffa2e32 -> 
  custom:video-decoder-ogg-theora: a1e56fd34408186e4bbccfd4996cb3dc -> 
  custom:container-muxer-webm: aa71ff27fc2769a1b78a27578f13a17b -> 
  custom:container-demuxer-webm: 4f35f7cbe854078d1ac9338744f61a02 -> 
  custom:container-demuxer-ogg: 62fdf1f143b41e24485cea50d1cbac27 -> 
  custom:video-encoder-webm-vp8: eb34c28f22e8b96e1ab97ce403110664 -> 
  custom:video-decoder-webm-vp8: 9c59270c3fd7afecdb556c50c9e8de78 -> 
  custom:graphics/normal-map-encoding: 01000000000000000000000000000000 -> 02000000000000000000000000000000
  custom:audio-decoder-ogg-vorbis: bf7c407c2cedff20999df2af8eb42d56 -> 
  custom:audio-encoder-webm-vorbis: bf7c407c2cedff20999df2af8eb42d56 -> 
========================================================================
Received Import Request.
  Time since last request: 28.872235 seconds.
  path: Assets/Scenes/Archiv.unity
  artifactKey: Guid(dae678949ada91f4d914e551b726e2fe) Importer(815301076,1909f56bfc062723c751e8b465ee728b)
Start importing Assets/Scenes/Archiv.unity using Guid(dae678949ada91f4d914e551b726e2fe) Importer(815301076,1909f56bfc062723c751e8b465ee728b)  -> (artifact id: 'ec6a9c8d78b52a422c35f4694bea596a') in 0.011611 seconds 
  Import took 0.019245 seconds .

========================================================================
Received Prepare
Registering precompiled user dll's ...
Registered in 0.002615 seconds.
Begin MonoManager ReloadAssembly
Native extension for WindowsStandalone target not found
Refreshing native plugins compatible for Editor in 0.50 ms, found 2 plugins.
Preloading 0 native plugins for Editor in 0.00 ms.
Mono: successfully reloaded assembly
- Completed reload, in  0.851 seconds
Domain Reload Profiling:
	ReloadAssembly (851ms)
		BeginReloadAssembly (97ms)
			ExecutionOrderSort (0ms)
			DisableScriptedObjects (4ms)
			BackupInstance (0ms)
			ReleaseScriptingObjects (0ms)
			CreateAndSetChildDomain (38ms)
		EndReloadAssembly (704ms)
			LoadAssemblies (73ms)
			RebuildTransferFunctionScriptingTraits (0ms)
			SetupTypeCache (245ms)
			ReleaseScriptCaches (1ms)
			RebuildScriptCaches (34ms)
			SetupLoadedEditorAssemblies (261ms)
				LogAssemblyErrors (0ms)
				InitializePlatformSupportModulesInManaged (4ms)
				SetLoadedEditorAssemblies (0ms)
				RefreshPlugins (1ms)
				BeforeProcessingInitializeOnLoad (71ms)
				ProcessInitializeOnLoadAttributes (176ms)
				ProcessInitializeOnLoadMethodAttributes (7ms)
				AfterProcessingInitializeOnLoad (2ms)
				EditorAssembliesLoaded (0ms)
			ExecutionOrderSort2 (0ms)
			AwakeInstancesAfterBackupRestoration (6ms)
Platform modules already initialized, skipping
Switching build target platform(19) subTarget(0) extendedPlatform(0) -> platform(13) subTarget(524288) extendedPlatform(0)
Refreshing native plugins compatible for Editor in 0.49 ms, found 2 plugins.
Preloading 0 native plugins for Editor in 0.00 ms.
Unloading 1586 Unused Serialized files (Serialized files now loaded: 0)
System memory in use before: 75.1 MB.
System memory in use after: 75.2 MB.

Unloading 15 unused Assets to reduce memory usage. Loaded Objects now: 2046.
Total: 3.843600 ms (FindLiveObjects: 0.251900 ms CreateObjectMapping: 0.041900 ms MarkObjects: 3.526300 ms  DeleteObjects: 0.022500 ms)

AssetImportParameters requested are different than current active one (requested -> active):
  custom:framework-win-MediaFoundation: 216162199b28c13a410421893ffa2e32 -> 
  custom:video-decoder-ogg-theora: a1e56fd34408186e4bbccfd4996cb3dc -> 
  custom:container-muxer-webm: aa71ff27fc2769a1b78a27578f13a17b -> 
  custom:container-demuxer-webm: 4f35f7cbe854078d1ac9338744f61a02 -> 
  custom:container-demuxer-ogg: 62fdf1f143b41e24485cea50d1cbac27 -> 
  custom:video-encoder-webm-vp8: eb34c28f22e8b96e1ab97ce403110664 -> 
  custom:video-decoder-webm-vp8: 9c59270c3fd7afecdb556c50c9e8de78 -> 
  custom:graphics/normal-map-encoding: 01000000000000000000000000000000 -> 02000000000000000000000000000000
  custom:audio-decoder-ogg-vorbis: bf7c407c2cedff20999df2af8eb42d56 -> 
  custom:audio-encoder-webm-vorbis: bf7c407c2cedff20999df2af8eb42d56 -> 
========================================================================
Received Import Request.
  Time since last request: 137.565934 seconds.
  path: Assets/Scenes/Options.unity
  artifactKey: Guid(e4a014bc5098fb543b885b0452f4a8d1) Importer(815301076,1909f56bfc062723c751e8b465ee728b)
Start importing Assets/Scenes/Options.unity using Guid(e4a014bc5098fb543b885b0452f4a8d1) Importer(815301076,1909f56bfc062723c751e8b465ee728b)  -> (artifact id: 'e6bed1f12dec91d496226bb37b2cbb70') in 0.011900 seconds 
  Import took 0.015105 seconds .

========================================================================
Received Import Request.
  Time since last request: 162.020393 seconds.
  path: Assets/Prefabs/Menu/Options
  artifactKey: Guid(a07a677685de28c4e8aa8521f9f2f54a) Importer(815301076,1909f56bfc062723c751e8b465ee728b)
Start importing Assets/Prefabs/Menu/Options using Guid(a07a677685de28c4e8aa8521f9f2f54a) Importer(815301076,1909f56bfc062723c751e8b465ee728b)  -> (artifact id: '8fcc5c87d3518e65aac113950309d1c1') in 0.001401 seconds 
  Import took 0.004534 seconds .

========================================================================
Received Import Request.
  Time since last request: 20.186653 seconds.
  path: Assets/Prefabs/Menu/Options/NewBehaviourScript.cs
  artifactKey: Guid(27e5cae7947bd714d9fda3a981f82105) Importer(815301076,1909f56bfc062723c751e8b465ee728b)
Start importing Assets/Prefabs/Menu/Options/NewBehaviourScript.cs using Guid(27e5cae7947bd714d9fda3a981f82105) Importer(815301076,1909f56bfc062723c751e8b465ee728b)  -> (artifact id: '7f8a15e8d56ec7f78f5adbb60fa981fc') in 0.010968 seconds 
  Import took 0.014131 seconds .

========================================================================
Received Prepare
Registering precompiled user dll's ...
Registered in 0.002566 seconds.
Begin MonoManager ReloadAssembly
Native extension for WindowsStandalone target not found
Refreshing native plugins compatible for Editor in 0.52 ms, found 2 plugins.
Preloading 0 native plugins for Editor in 0.00 ms.
Mono: successfully reloaded assembly
- Completed reload, in  0.866 seconds
Domain Reload Profiling:
	ReloadAssembly (867ms)
		BeginReloadAssembly (99ms)
			ExecutionOrderSort (0ms)
			DisableScriptedObjects (4ms)
			BackupInstance (0ms)
			ReleaseScriptingObjects (0ms)
			CreateAndSetChildDomain (39ms)
		EndReloadAssembly (715ms)
			LoadAssemblies (74ms)
			RebuildTransferFunctionScriptingTraits (0ms)
			SetupTypeCache (253ms)
			ReleaseScriptCaches (1ms)
			RebuildScriptCaches (34ms)
			SetupLoadedEditorAssemblies (263ms)
				LogAssemblyErrors (0ms)
				InitializePlatformSupportModulesInManaged (4ms)
				SetLoadedEditorAssemblies (0ms)
				RefreshPlugins (1ms)
				BeforeProcessingInitializeOnLoad (71ms)
				ProcessInitializeOnLoadAttributes (178ms)
				ProcessInitializeOnLoadMethodAttributes (8ms)
				AfterProcessingInitializeOnLoad (2ms)
				EditorAssembliesLoaded (0ms)
			ExecutionOrderSort2 (0ms)
			AwakeInstancesAfterBackupRestoration (6ms)
Platform modules already initialized, skipping
Switching build target platform(19) subTarget(0) extendedPlatform(0) -> platform(13) subTarget(524288) extendedPlatform(0)
Refreshing native plugins compatible for Editor in 0.47 ms, found 2 plugins.
Preloading 0 native plugins for Editor in 0.00 ms.
Unloading 1586 Unused Serialized files (Serialized files now loaded: 0)
System memory in use before: 75.1 MB.
System memory in use after: 75.2 MB.

Unloading 15 unused Assets to reduce memory usage. Loaded Objects now: 2049.
Total: 3.609900 ms (FindLiveObjects: 0.262500 ms CreateObjectMapping: 0.107400 ms MarkObjects: 3.215600 ms  DeleteObjects: 0.023000 ms)

AssetImportParameters requested are different than current active one (requested -> active):
  custom:framework-win-MediaFoundation: 216162199b28c13a410421893ffa2e32 -> 
  custom:video-decoder-ogg-theora: a1e56fd34408186e4bbccfd4996cb3dc -> 
  custom:container-muxer-webm: aa71ff27fc2769a1b78a27578f13a17b -> 
  custom:container-demuxer-webm: 4f35f7cbe854078d1ac9338744f61a02 -> 
  custom:container-demuxer-ogg: 62fdf1f143b41e24485cea50d1cbac27 -> 
  custom:video-encoder-webm-vp8: eb34c28f22e8b96e1ab97ce403110664 -> 
  custom:video-decoder-webm-vp8: 9c59270c3fd7afecdb556c50c9e8de78 -> 
  custom:graphics/normal-map-encoding: 01000000000000000000000000000000 -> 02000000000000000000000000000000
  custom:audio-decoder-ogg-vorbis: bf7c407c2cedff20999df2af8eb42d56 -> 
  custom:audio-encoder-webm-vorbis: bf7c407c2cedff20999df2af8eb42d56 -> 
========================================================================
Received Import Request.
  Time since last request: 62.160149 seconds.
  path: Assets/Prefabs/Menu/Background_New.png
  artifactKey: Guid(8601d8b7fa4d33c44a2ef8fb4e6131e1) Importer(815301076,1909f56bfc062723c751e8b465ee728b)
Start importing Assets/Prefabs/Menu/Background_New.png using Guid(8601d8b7fa4d33c44a2ef8fb4e6131e1) Importer(815301076,1909f56bfc062723c751e8b465ee728b)  -> (artifact id: '7f857a1edb64740774655c8cfd56cd0e') in 0.047773 seconds 
  Import took 0.051142 seconds .

========================================================================
Received Import Request.
  Time since last request: 10.693155 seconds.
  path: Assets/Prefabs/Menu/Border.prefab
  artifactKey: Guid(7fd98b9a652784e409ac7ab94c122ecb) Importer(815301076,1909f56bfc062723c751e8b465ee728b)
Start importing Assets/Prefabs/Menu/Border.prefab using Guid(7fd98b9a652784e409ac7ab94c122ecb) Importer(815301076,1909f56bfc062723c751e8b465ee728b)  -> (artifact id: '1639969be865d5ae77f87fb65a30e14b') in 0.054663 seconds 
  Import took 0.057946 seconds .

========================================================================
Received Import Request.
  Time since last request: 38.243444 seconds.
  path: Assets/Prefabs/Menu/Player with pointer 1.prefab
  artifactKey: Guid(b5e4587170f948041ac18469a0f61fc1) Importer(815301076,1909f56bfc062723c751e8b465ee728b)
Start importing Assets/Prefabs/Menu/Player with pointer 1.prefab using Guid(b5e4587170f948041ac18469a0f61fc1) Importer(815301076,1909f56bfc062723c751e8b465ee728b)  -> (artifact id: 'c7cf9f693a4f9ca65c1d4c5e659b7464') in 0.013370 seconds 
  Import took 0.016550 seconds .

========================================================================
Received Import Request.
  Time since last request: 388.889158 seconds.
  path: Assets/Prefabs/Menu/Options/+ blue.png
  artifactKey: Guid(265d75e80213aec499cb257dac5589e7) Importer(815301076,1909f56bfc062723c751e8b465ee728b)
Start importing Assets/Prefabs/Menu/Options/+ blue.png using Guid(265d75e80213aec499cb257dac5589e7) Importer(815301076,1909f56bfc062723c751e8b465ee728b)  -> (artifact id: '0cc865895f111bde2bdff6083f468985') in 0.018879 seconds 
  Import took 0.022602 seconds .

========================================================================
Received Import Request.
  Time since last request: 0.000225 seconds.
  path: Assets/Prefabs/Menu/Options/Lines pink.png
  artifactKey: Guid(477ec141fcb53ca4ab4f7ba74ec97caf) Importer(815301076,1909f56bfc062723c751e8b465ee728b)
Start importing Assets/Prefabs/Menu/Options/Lines pink.png using Guid(477ec141fcb53ca4ab4f7ba74ec97caf) Importer(815301076,1909f56bfc062723c751e8b465ee728b)  -> (artifact id: '36a44353b45bdb02cf79cc5d6388fc56') in 0.006618 seconds 
  Import took 0.009670 seconds .

========================================================================
Received Import Request.
  Time since last request: 0.000199 seconds.
  path: Assets/Prefabs/Menu/Options/+ pink.png
  artifactKey: Guid(ed62399fa41ff1847bccd5d85ed47a3a) Importer(815301076,1909f56bfc062723c751e8b465ee728b)
Start importing Assets/Prefabs/Menu/Options/+ pink.png using Guid(ed62399fa41ff1847bccd5d85ed47a3a) Importer(815301076,1909f56bfc062723c751e8b465ee728b)  -> (artifact id: '935f03ec1db2802fabf5a5b996a6e596') in 0.024606 seconds 
  Import took 0.027430 seconds .

========================================================================
Received Import Request.
  Time since last request: 0.000381 seconds.
  path: Assets/Prefabs/Menu/Options/- pink.png
  artifactKey: Guid(9bc3cfa275fae454580579ddbbdb6f18) Importer(815301076,1909f56bfc062723c751e8b465ee728b)
Start importing Assets/Prefabs/Menu/Options/- pink.png using Guid(9bc3cfa275fae454580579ddbbdb6f18) Importer(815301076,1909f56bfc062723c751e8b465ee728b)  -> (artifact id: 'ad0a45be325761ebe7bf3e5f5af7ed39') in 0.016491 seconds 
  Import took 0.019453 seconds .

========================================================================
Received Import Request.
  Time since last request: 0.000233 seconds.
  path: Assets/Prefabs/Menu/Options/- blue.png
  artifactKey: Guid(e3c3811a09dc3f14cb5f7b4a6a50d25c) Importer(815301076,1909f56bfc062723c751e8b465ee728b)
Start importing Assets/Prefabs/Menu/Options/- blue.png using Guid(e3c3811a09dc3f14cb5f7b4a6a50d25c) Importer(815301076,1909f56bfc062723c751e8b465ee728b)  -> (artifact id: '9142520b68bc42e055bfb03fa2550852') in 0.016587 seconds 
  Import took 0.019610 seconds .

========================================================================
Received Import Request.
  Time since last request: 0.000213 seconds.
  path: Assets/Prefabs/Menu/Options/bar blue.png
  artifactKey: Guid(34d4db02bc2d3be42a66884be66fa6cc) Importer(815301076,1909f56bfc062723c751e8b465ee728b)
Start importing Assets/Prefabs/Menu/Options/bar blue.png using Guid(34d4db02bc2d3be42a66884be66fa6cc) Importer(815301076,1909f56bfc062723c751e8b465ee728b)  -> (artifact id: '556c7b9f70c4b0b243eaac2fa79e5544') in 0.006771 seconds 
  Import took 0.009843 seconds .

========================================================================
Received Import Request.
  Time since last request: 0.000204 seconds.
  path: Assets/Prefabs/Menu/Options/bar pink.png
  artifactKey: Guid(abf4da057f84ef04cb2bd96e8c8975e2) Importer(815301076,1909f56bfc062723c751e8b465ee728b)
Start importing Assets/Prefabs/Menu/Options/bar pink.png using Guid(abf4da057f84ef04cb2bd96e8c8975e2) Importer(815301076,1909f56bfc062723c751e8b465ee728b)  -> (artifact id: 'c78e65fe08088a28463d35d80cd04b24') in 0.009869 seconds 
  Import took 0.012843 seconds .

========================================================================
Received Import Request.
  Time since last request: 16.200457 seconds.
  path: Assets/Prefabs/Menu/Options/New Material.mat
  artifactKey: Guid(bdb1704a0364f9046866e5110f29dfd2) Importer(815301076,1909f56bfc062723c751e8b465ee728b)
Start importing Assets/Prefabs/Menu/Options/New Material.mat using Guid(bdb1704a0364f9046866e5110f29dfd2) Importer(815301076,1909f56bfc062723c751e8b465ee728b)  -> (artifact id: 'b22e45197b1d2e34072b91c47fd353b1') in 0.045893 seconds 
  Import took 0.049131 seconds .

========================================================================
Received Import Request.
  Time since last request: 30.708801 seconds.
  path: Assets/Prefabs/Menu/Options/Plus_Active.mat
  artifactKey: Guid(bdb1704a0364f9046866e5110f29dfd2) Importer(815301076,1909f56bfc062723c751e8b465ee728b)
Start importing Assets/Prefabs/Menu/Options/Plus_Active.mat using Guid(bdb1704a0364f9046866e5110f29dfd2) Importer(815301076,1909f56bfc062723c751e8b465ee728b)  -> (artifact id: '2b98bda5c0a4b1e7ede49523ba8bf516') in 0.009024 seconds 
  Import took 0.012119 seconds .

========================================================================
Received Import Request.
  Time since last request: 5.312675 seconds.
  path: Assets/Prefabs/Menu/Options/Plus_Active 1.mat
  artifactKey: Guid(815756b9ba5af2f4eb68e5ffeda4060b) Importer(815301076,1909f56bfc062723c751e8b465ee728b)
Start importing Assets/Prefabs/Menu/Options/Plus_Active 1.mat using Guid(815756b9ba5af2f4eb68e5ffeda4060b) Importer(815301076,1909f56bfc062723c751e8b465ee728b)  -> (artifact id: 'f69617f0a395a0b4312060644a78d4b4') in 0.008524 seconds 
  Import took 0.011664 seconds .

========================================================================
Received Import Request.
  Time since last request: 12.940768 seconds.
  path: Assets/Prefabs/Menu/Options/Plus_Inactive.mat
  artifactKey: Guid(815756b9ba5af2f4eb68e5ffeda4060b) Importer(815301076,1909f56bfc062723c751e8b465ee728b)
Start importing Assets/Prefabs/Menu/Options/Plus_Inactive.mat using Guid(815756b9ba5af2f4eb68e5ffeda4060b) Importer(815301076,1909f56bfc062723c751e8b465ee728b)  -> (artifact id: '6cd6330ae130f9b28820c6f12364b4a7') in 0.008849 seconds 
  Import took 0.011950 seconds .

========================================================================
Received Import Request.
  Time since last request: 137.173069 seconds.
  path: Assets/Prefabs/Menu/Options/Cube.prefab
  artifactKey: Guid(93754b935c241754a8f68007a7e9ce5a) Importer(815301076,1909f56bfc062723c751e8b465ee728b)
Start importing Assets/Prefabs/Menu/Options/Cube.prefab using Guid(93754b935c241754a8f68007a7e9ce5a) Importer(815301076,1909f56bfc062723c751e8b465ee728b)  -> (artifact id: 'f9dc6ec0d21bfa0bf8ab095ce71f668c') in 0.024766 seconds 
  Import took 0.028413 seconds .

========================================================================
Received Import Request.
  Time since last request: 10.612374 seconds.
  path: Assets/Prefabs/Menu/Options/PlusSign.prefab
  artifactKey: Guid(dcd4e7186f289bd4d9d48c0e67439942) Importer(815301076,1909f56bfc062723c751e8b465ee728b)
Start importing Assets/Prefabs/Menu/Options/PlusSign.prefab using Guid(dcd4e7186f289bd4d9d48c0e67439942) Importer(815301076,1909f56bfc062723c751e8b465ee728b)  -> (artifact id: '04620a4939a65546c05d19419baa1e50') in 0.010298 seconds 
  Import took 0.013673 seconds .

========================================================================
Received Import Request.
  Time since last request: 92.371466 seconds.
  path: Assets/Prefabs/Menu/Options/Plus_Active 1.mat
  artifactKey: Guid(2c2e1615a358b2249ab9f32b0d72a844) Importer(815301076,1909f56bfc062723c751e8b465ee728b)
Start importing Assets/Prefabs/Menu/Options/Plus_Active 1.mat using Guid(2c2e1615a358b2249ab9f32b0d72a844) Importer(815301076,1909f56bfc062723c751e8b465ee728b)  -> (artifact id: '91fc8acbbd7f520e2262267547b9e863') in 0.022031 seconds 
  Import took 0.025174 seconds .

========================================================================
Received Import Request.
  Time since last request: 0.000266 seconds.
  path: Assets/Prefabs/Menu/Options/Plus_Inactive 1.mat
  artifactKey: Guid(6da7cfdb41d8afb43b0915db6d73cdf5) Importer(815301076,1909f56bfc062723c751e8b465ee728b)
Start importing Assets/Prefabs/Menu/Options/Plus_Inactive 1.mat using Guid(6da7cfdb41d8afb43b0915db6d73cdf5) Importer(815301076,1909f56bfc062723c751e8b465ee728b)  -> (artifact id: 'b46e66af1c0d83f3601172ebc2490ef9') in 0.020636 seconds 
  Import took 0.023790 seconds .

========================================================================
Received Import Request.
  Time since last request: 0.000285 seconds.
  path: Assets/Prefabs/Menu/Options/Plus_Active.mat
  artifactKey: Guid(bdb1704a0364f9046866e5110f29dfd2) Importer(815301076,1909f56bfc062723c751e8b465ee728b)
Start importing Assets/Prefabs/Menu/Options/Plus_Active.mat using Guid(bdb1704a0364f9046866e5110f29dfd2) Importer(815301076,1909f56bfc062723c751e8b465ee728b)  -> (artifact id: '45efd21feffc536360ec23e43e989d38') in 0.019260 seconds 
  Import took 0.022128 seconds .

========================================================================
Received Import Request.
  Time since last request: 0.000259 seconds.
  path: Assets/Prefabs/Menu/Options/Plus_Inactive.mat
  artifactKey: Guid(815756b9ba5af2f4eb68e5ffeda4060b) Importer(815301076,1909f56bfc062723c751e8b465ee728b)
Start importing Assets/Prefabs/Menu/Options/Plus_Inactive.mat using Guid(815756b9ba5af2f4eb68e5ffeda4060b) Importer(815301076,1909f56bfc062723c751e8b465ee728b)  -> (artifact id: '16e5e612ed2849f386c3a35587835d97') in 0.019816 seconds 
  Import took 0.022781 seconds .

========================================================================
Received Import Request.
  Time since last request: 20.440864 seconds.
  path: Assets/Prefabs/Menu/Options/Minus_Active.mat
  artifactKey: Guid(2c2e1615a358b2249ab9f32b0d72a844) Importer(815301076,1909f56bfc062723c751e8b465ee728b)
Start importing Assets/Prefabs/Menu/Options/Minus_Active.mat using Guid(2c2e1615a358b2249ab9f32b0d72a844) Importer(815301076,1909f56bfc062723c751e8b465ee728b)  -> (artifact id: '1d6a92bdbafb2c7824e974d5b3b4cbd6') in 0.020209 seconds 
  Import took 0.023320 seconds .

========================================================================
Received Import Request.
  Time since last request: 15.374876 seconds.
  path: Assets/Prefabs/Menu/Options/Minus_Inactive.mat
  artifactKey: Guid(6da7cfdb41d8afb43b0915db6d73cdf5) Importer(815301076,1909f56bfc062723c751e8b465ee728b)
Start importing Assets/Prefabs/Menu/Options/Minus_Inactive.mat using Guid(6da7cfdb41d8afb43b0915db6d73cdf5) Importer(815301076,1909f56bfc062723c751e8b465ee728b)  -> (artifact id: 'c7bb3f8649bcc5b8c63312962c427e4b') in 0.020292 seconds 
  Import took 0.023372 seconds .

========================================================================
Received Import Request.
  Time since last request: 54.918332 seconds.
  path: Assets/Prefabs/Menu/Options/MinusSign.prefab
  artifactKey: Guid(4070cdddb3625af4883a50fba06a67f5) Importer(815301076,1909f56bfc062723c751e8b465ee728b)
Start importing Assets/Prefabs/Menu/Options/MinusSign.prefab using Guid(4070cdddb3625af4883a50fba06a67f5) Importer(815301076,1909f56bfc062723c751e8b465ee728b)  -> (artifact id: 'c64e9c7b3a04332f35db71c5046cb8b0') in 0.022230 seconds 
  Import took 0.025576 seconds .

========================================================================
Received Import Request.
  Time since last request: 24.922200 seconds.
  path: Assets/Prefabs/Menu/Options/MinusSign.prefab
  artifactKey: Guid(4070cdddb3625af4883a50fba06a67f5) Importer(815301076,1909f56bfc062723c751e8b465ee728b)
Start importing Assets/Prefabs/Menu/Options/MinusSign.prefab using Guid(4070cdddb3625af4883a50fba06a67f5) Importer(815301076,1909f56bfc062723c751e8b465ee728b)  -> (artifact id: 'fc0a8096e555c07b25724b0a03570441') in 0.022271 seconds 
  Import took 0.025600 seconds .

========================================================================
Received Import Request.
  Time since last request: 20.077427 seconds.
  path: Assets/Prefabs/Menu/Options/MinusSign.prefab
  artifactKey: Guid(4070cdddb3625af4883a50fba06a67f5) Importer(815301076,1909f56bfc062723c751e8b465ee728b)
Start importing Assets/Prefabs/Menu/Options/MinusSign.prefab using Guid(4070cdddb3625af4883a50fba06a67f5) Importer(815301076,1909f56bfc062723c751e8b465ee728b)  -> (artifact id: '87bb29dab69c94e9a9f62d6357752a09') in 0.022244 seconds 
  Import took 0.025472 seconds .

========================================================================
Received Import Request.
  Time since last request: 4.317181 seconds.
  path: Assets/Prefabs/Menu/Options/MinusSign.prefab
  artifactKey: Guid(4070cdddb3625af4883a50fba06a67f5) Importer(815301076,1909f56bfc062723c751e8b465ee728b)
Start importing Assets/Prefabs/Menu/Options/MinusSign.prefab using Guid(4070cdddb3625af4883a50fba06a67f5) Importer(815301076,1909f56bfc062723c751e8b465ee728b)  -> (artifact id: 'a55bb98895e3f1a43bf3e1be8c90e156') in 0.021815 seconds 
  Import took 0.024985 seconds .

========================================================================
Received Import Request.
  Time since last request: 309.208188 seconds.
  path: Assets/Prefabs/Menu/Options/Bar_Active.mat
  artifactKey: Guid(4a5d7a5c9045cda40b690f7ba99b9244) Importer(815301076,1909f56bfc062723c751e8b465ee728b)
Start importing Assets/Prefabs/Menu/Options/Bar_Active.mat using Guid(4a5d7a5c9045cda40b690f7ba99b9244) Importer(815301076,1909f56bfc062723c751e8b465ee728b)  -> (artifact id: '23d79a58660bedf15e835826922a348c') in 0.010215 seconds 
  Import took 0.013856 seconds .

========================================================================
Received Import Request.
  Time since last request: 39.220109 seconds.
  path: Assets/Prefabs/Menu/Options/Bar_Active 1.mat
  artifactKey: Guid(e70de2c197b0fb046a95e51aa1ef71f5) Importer(815301076,1909f56bfc062723c751e8b465ee728b)
Start importing Assets/Prefabs/Menu/Options/Bar_Active 1.mat using Guid(e70de2c197b0fb046a95e51aa1ef71f5) Importer(815301076,1909f56bfc062723c751e8b465ee728b)  -> (artifact id: '33b053ba7b63963549009a6d41c2c43f') in 0.010479 seconds 
  Import took 0.013664 seconds .

========================================================================
Received Import Request.
  Time since last request: 0.000203 seconds.
  path: Assets/Prefabs/Menu/Options/Minus_Inactive.mat
  artifactKey: Guid(6da7cfdb41d8afb43b0915db6d73cdf5) Importer(815301076,1909f56bfc062723c751e8b465ee728b)
Start importing Assets/Prefabs/Menu/Options/Minus_Inactive.mat using Guid(6da7cfdb41d8afb43b0915db6d73cdf5) Importer(815301076,1909f56bfc062723c751e8b465ee728b)  -> (artifact id: 'c510e0243914efd65c1012ec91327f75') in 0.020992 seconds 
  Import took 0.024061 seconds .

========================================================================
Received Import Request.
  Time since last request: 0.000251 seconds.
  path: Assets/Prefabs/Menu/Options/Bar_Active.mat
  artifactKey: Guid(4a5d7a5c9045cda40b690f7ba99b9244) Importer(815301076,1909f56bfc062723c751e8b465ee728b)
Start importing Assets/Prefabs/Menu/Options/Bar_Active.mat using Guid(4a5d7a5c9045cda40b690f7ba99b9244) Importer(815301076,1909f56bfc062723c751e8b465ee728b)  -> (artifact id: '62d408b0fec67d33fa6217d5bd199c03') in 0.009904 seconds 
  Import took 0.012904 seconds .

========================================================================
Received Import Request.
  Time since last request: 0.000186 seconds.
  path: Assets/Prefabs/Menu/Options/Minus_Active.mat
  artifactKey: Guid(2c2e1615a358b2249ab9f32b0d72a844) Importer(815301076,1909f56bfc062723c751e8b465ee728b)
Start importing Assets/Prefabs/Menu/Options/Minus_Active.mat using Guid(2c2e1615a358b2249ab9f32b0d72a844) Importer(815301076,1909f56bfc062723c751e8b465ee728b)  -> (artifact id: '8d6d1fa385341fc33dc3ff2d00310a54') in 0.019436 seconds 
  Import took 0.022544 seconds .

========================================================================
Received Import Request.
  Time since last request: 14.992141 seconds.
  path: Assets/Prefabs/Menu/Options/Bar_Inactive.mat
  artifactKey: Guid(e70de2c197b0fb046a95e51aa1ef71f5) Importer(815301076,1909f56bfc062723c751e8b465ee728b)
Start importing Assets/Prefabs/Menu/Options/Bar_Inactive.mat using Guid(e70de2c197b0fb046a95e51aa1ef71f5) Importer(815301076,1909f56bfc062723c751e8b465ee728b)  -> (artifact id: 'b8e380dd3290201f8ee4745029f8c226') in 0.015200 seconds 
  Import took 0.018427 seconds .

========================================================================
Received Import Request.
  Time since last request: 384.492510 seconds.
  path: Assets/Prefabs/Menu/Options/Bar.mat
  artifactKey: Guid(4a5d7a5c9045cda40b690f7ba99b9244) Importer(815301076,1909f56bfc062723c751e8b465ee728b)
Start importing Assets/Prefabs/Menu/Options/Bar.mat using Guid(4a5d7a5c9045cda40b690f7ba99b9244) Importer(815301076,1909f56bfc062723c751e8b465ee728b)  -> (artifact id: 'b597b3a86ce62c6c08a56129013fe445') in 0.012144 seconds 
  Import took 0.015915 seconds .

========================================================================
Received Prepare
Registering precompiled user dll's ...
Registered in 0.002628 seconds.
Begin MonoManager ReloadAssembly
Native extension for WindowsStandalone target not found
Refreshing native plugins compatible for Editor in 0.55 ms, found 2 plugins.
Preloading 0 native plugins for Editor in 0.00 ms.
Mono: successfully reloaded assembly
- Completed reload, in  0.875 seconds
Domain Reload Profiling:
	ReloadAssembly (876ms)
		BeginReloadAssembly (99ms)
			ExecutionOrderSort (0ms)
			DisableScriptedObjects (3ms)
			BackupInstance (0ms)
			ReleaseScriptingObjects (0ms)
			CreateAndSetChildDomain (40ms)
		EndReloadAssembly (724ms)
			LoadAssemblies (75ms)
			RebuildTransferFunctionScriptingTraits (0ms)
			SetupTypeCache (253ms)
			ReleaseScriptCaches (1ms)
			RebuildScriptCaches (34ms)
			SetupLoadedEditorAssemblies (267ms)
				LogAssemblyErrors (0ms)
				InitializePlatformSupportModulesInManaged (4ms)
				SetLoadedEditorAssemblies (0ms)
				RefreshPlugins (1ms)
				BeforeProcessingInitializeOnLoad (73ms)
				ProcessInitializeOnLoadAttributes (178ms)
				ProcessInitializeOnLoadMethodAttributes (7ms)
				AfterProcessingInitializeOnLoad (3ms)
				EditorAssembliesLoaded (0ms)
			ExecutionOrderSort2 (0ms)
			AwakeInstancesAfterBackupRestoration (6ms)
Platform modules already initialized, skipping
Switching build target platform(19) subTarget(0) extendedPlatform(0) -> platform(13) subTarget(524288) extendedPlatform(0)
Refreshing native plugins compatible for Editor in 0.50 ms, found 2 plugins.
Preloading 0 native plugins for Editor in 0.00 ms.
Unloading 1586 Unused Serialized files (Serialized files now loaded: 0)
System memory in use before: 75.4 MB.
System memory in use after: 75.5 MB.

Unloading 16 unused Assets to reduce memory usage. Loaded Objects now: 2088.
Total: 3.869400 ms (FindLiveObjects: 0.271400 ms CreateObjectMapping: 0.071000 ms MarkObjects: 3.496600 ms  DeleteObjects: 0.029400 ms)

AssetImportParameters requested are different than current active one (requested -> active):
  custom:framework-win-MediaFoundation: 216162199b28c13a410421893ffa2e32 -> 
  custom:video-decoder-ogg-theora: a1e56fd34408186e4bbccfd4996cb3dc -> 
  custom:container-muxer-webm: aa71ff27fc2769a1b78a27578f13a17b -> 
  custom:container-demuxer-webm: 4f35f7cbe854078d1ac9338744f61a02 -> 
  custom:container-demuxer-ogg: 62fdf1f143b41e24485cea50d1cbac27 -> 
  custom:video-encoder-webm-vp8: eb34c28f22e8b96e1ab97ce403110664 -> 
  custom:video-decoder-webm-vp8: 9c59270c3fd7afecdb556c50c9e8de78 -> 
  custom:graphics/normal-map-encoding: 01000000000000000000000000000000 -> 02000000000000000000000000000000
  custom:audio-decoder-ogg-vorbis: bf7c407c2cedff20999df2af8eb42d56 -> 
  custom:audio-encoder-webm-vorbis: bf7c407c2cedff20999df2af8eb42d56 -> 
========================================================================
Received Prepare
Refreshing native plugins compatible for Editor in 2.30 ms, found 2 plugins.
Preloading 0 native plugins for Editor in 0.00 ms.
Unloading 12 Unused Serialized files (Serialized files now loaded: 0)
System memory in use before: 44.3 MB.
System memory in use after: 44.4 MB.

Unloading 12 unused Assets to reduce memory usage. Loaded Objects now: 2088.
Total: 4.130000 ms (FindLiveObjects: 0.264500 ms CreateObjectMapping: 0.041700 ms MarkObjects: 3.806700 ms  DeleteObjects: 0.015600 ms)

AssetImportParameters requested are different than current active one (requested -> active):
  custom:framework-win-MediaFoundation: 216162199b28c13a410421893ffa2e32 -> 
  custom:video-decoder-ogg-theora: a1e56fd34408186e4bbccfd4996cb3dc -> 
  custom:container-muxer-webm: aa71ff27fc2769a1b78a27578f13a17b -> 
  custom:container-demuxer-webm: 4f35f7cbe854078d1ac9338744f61a02 -> 
  custom:container-demuxer-ogg: 62fdf1f143b41e24485cea50d1cbac27 -> 
  custom:video-encoder-webm-vp8: eb34c28f22e8b96e1ab97ce403110664 -> 
  custom:video-decoder-webm-vp8: 9c59270c3fd7afecdb556c50c9e8de78 -> 
  custom:audio-decoder-ogg-vorbis: bf7c407c2cedff20999df2af8eb42d56 -> 
  custom:audio-encoder-webm-vorbis: bf7c407c2cedff20999df2af8eb42d56 -> 
========================================================================
Received Import Request.
  Time since last request: 263.415272 seconds.
  path: Assets/Prefabs/Menu/Options/Bar.mat
  artifactKey: Guid(4a5d7a5c9045cda40b690f7ba99b9244) Importer(815301076,1909f56bfc062723c751e8b465ee728b)
Start importing Assets/Prefabs/Menu/Options/Bar.mat using Guid(4a5d7a5c9045cda40b690f7ba99b9244) Importer(815301076,1909f56bfc062723c751e8b465ee728b)  -> (artifact id: '76ebce7724f65feff3829726e68f9373') in 0.051705 seconds 
  Import took 0.055092 seconds .

========================================================================
Received Prepare
Refreshing native plugins compatible for Editor in 2.32 ms, found 2 plugins.
Preloading 0 native plugins for Editor in 0.00 ms.
Unloading 12 Unused Serialized files (Serialized files now loaded: 0)
System memory in use before: 44.3 MB.
System memory in use after: 44.5 MB.

Unloading 12 unused Assets to reduce memory usage. Loaded Objects now: 2089.
Total: 4.027700 ms (FindLiveObjects: 0.290000 ms CreateObjectMapping: 0.044000 ms MarkObjects: 3.673300 ms  DeleteObjects: 0.019000 ms)

AssetImportParameters requested are different than current active one (requested -> active):
  custom:framework-win-MediaFoundation: 216162199b28c13a410421893ffa2e32 -> 
  custom:video-decoder-ogg-theora: a1e56fd34408186e4bbccfd4996cb3dc -> 
  custom:container-muxer-webm: aa71ff27fc2769a1b78a27578f13a17b -> 
  custom:container-demuxer-webm: 4f35f7cbe854078d1ac9338744f61a02 -> 
  custom:container-demuxer-ogg: 62fdf1f143b41e24485cea50d1cbac27 -> 
  custom:video-encoder-webm-vp8: eb34c28f22e8b96e1ab97ce403110664 -> 
  custom:video-decoder-webm-vp8: 9c59270c3fd7afecdb556c50c9e8de78 -> 
  custom:audio-decoder-ogg-vorbis: bf7c407c2cedff20999df2af8eb42d56 -> 
  custom:audio-encoder-webm-vorbis: bf7c407c2cedff20999df2af8eb42d56 -> 
========================================================================
Received Import Request.
  Time since last request: 317.305689 seconds.
  path: Assets/Prefabs/Menu/Options/PlusSign.prefab
  artifactKey: Guid(dcd4e7186f289bd4d9d48c0e67439942) Importer(815301076,1909f56bfc062723c751e8b465ee728b)
Start importing Assets/Prefabs/Menu/Options/PlusSign.prefab using Guid(dcd4e7186f289bd4d9d48c0e67439942) Importer(815301076,1909f56bfc062723c751e8b465ee728b)  -> (artifact id: '0e7e5c72e08044824c57bf003de180fe') in 0.033837 seconds 
  Import took 0.037157 seconds .

========================================================================
Received Import Request.
  Time since last request: 8.814734 seconds.
  path: Assets/Prefabs/Menu/Options/PlusSign.prefab
  artifactKey: Guid(dcd4e7186f289bd4d9d48c0e67439942) Importer(815301076,1909f56bfc062723c751e8b465ee728b)
Start importing Assets/Prefabs/Menu/Options/PlusSign.prefab using Guid(dcd4e7186f289bd4d9d48c0e67439942) Importer(815301076,1909f56bfc062723c751e8b465ee728b)  -> (artifact id: 'a923e24a2e68035c86e20d7676a3d58c') in 0.021726 seconds 
  Import took 0.024979 seconds .

========================================================================
Received Prepare
Registering precompiled user dll's ...
Registered in 0.002596 seconds.
Begin MonoManager ReloadAssembly
Native extension for WindowsStandalone target not found
Refreshing native plugins compatible for Editor in 0.50 ms, found 2 plugins.
Preloading 0 native plugins for Editor in 0.00 ms.
Mono: successfully reloaded assembly
- Completed reload, in  0.860 seconds
Domain Reload Profiling:
	ReloadAssembly (860ms)
		BeginReloadAssembly (96ms)
			ExecutionOrderSort (0ms)
			DisableScriptedObjects (4ms)
			BackupInstance (0ms)
			ReleaseScriptingObjects (0ms)
			CreateAndSetChildDomain (38ms)
		EndReloadAssembly (714ms)
			LoadAssemblies (72ms)
			RebuildTransferFunctionScriptingTraits (0ms)
			SetupTypeCache (247ms)
			ReleaseScriptCaches (1ms)
			RebuildScriptCaches (35ms)
			SetupLoadedEditorAssemblies (263ms)
				LogAssemblyErrors (0ms)
				InitializePlatformSupportModulesInManaged (4ms)
				SetLoadedEditorAssemblies (0ms)
				RefreshPlugins (1ms)
				BeforeProcessingInitializeOnLoad (72ms)
				ProcessInitializeOnLoadAttributes (177ms)
				ProcessInitializeOnLoadMethodAttributes (7ms)
				AfterProcessingInitializeOnLoad (2ms)
				EditorAssembliesLoaded (0ms)
			ExecutionOrderSort2 (0ms)
			AwakeInstancesAfterBackupRestoration (7ms)
Platform modules already initialized, skipping
Switching build target platform(19) subTarget(0) extendedPlatform(0) -> platform(13) subTarget(524288) extendedPlatform(0)
Refreshing native plugins compatible for Editor in 0.49 ms, found 2 plugins.
Preloading 0 native plugins for Editor in 0.00 ms.
Unloading 1586 Unused Serialized files (Serialized files now loaded: 0)
System memory in use before: 75.4 MB.
System memory in use after: 75.5 MB.

Unloading 15 unused Assets to reduce memory usage. Loaded Objects now: 2092.
Total: 3.820300 ms (FindLiveObjects: 0.271700 ms CreateObjectMapping: 0.081700 ms MarkObjects: 3.446200 ms  DeleteObjects: 0.019600 ms)

AssetImportParameters requested are different than current active one (requested -> active):
  custom:framework-win-MediaFoundation: 216162199b28c13a410421893ffa2e32 -> 
  custom:video-decoder-ogg-theora: a1e56fd34408186e4bbccfd4996cb3dc -> 
  custom:container-muxer-webm: aa71ff27fc2769a1b78a27578f13a17b -> 
  custom:container-demuxer-webm: 4f35f7cbe854078d1ac9338744f61a02 -> 
  custom:container-demuxer-ogg: 62fdf1f143b41e24485cea50d1cbac27 -> 
  custom:video-encoder-webm-vp8: eb34c28f22e8b96e1ab97ce403110664 -> 
  custom:video-decoder-webm-vp8: 9c59270c3fd7afecdb556c50c9e8de78 -> 
  custom:graphics/normal-map-encoding: 01000000000000000000000000000000 -> 02000000000000000000000000000000
  custom:audio-decoder-ogg-vorbis: bf7c407c2cedff20999df2af8eb42d56 -> 
  custom:audio-encoder-webm-vorbis: bf7c407c2cedff20999df2af8eb42d56 -> 
========================================================================
Received Import Request.
  Time since last request: 61.787331 seconds.
  path: Assets/Prefabs/Menu/Options/MinusSign.prefab
  artifactKey: Guid(4070cdddb3625af4883a50fba06a67f5) Importer(815301076,1909f56bfc062723c751e8b465ee728b)
Start importing Assets/Prefabs/Menu/Options/MinusSign.prefab using Guid(4070cdddb3625af4883a50fba06a67f5) Importer(815301076,1909f56bfc062723c751e8b465ee728b)  -> (artifact id: '19f4028c3e377df262c40856bdc31f7d') in 0.063228 seconds 
  Import took 0.066479 seconds .

========================================================================
Received Import Request.
  Time since last request: 3.641708 seconds.
  path: Assets/Prefabs/Menu/Options/MinusSign.prefab
  artifactKey: Guid(4070cdddb3625af4883a50fba06a67f5) Importer(815301076,1909f56bfc062723c751e8b465ee728b)
Start importing Assets/Prefabs/Menu/Options/MinusSign.prefab using Guid(4070cdddb3625af4883a50fba06a67f5) Importer(815301076,1909f56bfc062723c751e8b465ee728b)  -> (artifact id: 'eac950dd32465d6cf2ea20d83de458fd') in 0.026324 seconds 
  Import took 0.029528 seconds .

========================================================================
Received Import Request.
  Time since last request: 458.272322 seconds.
  path: ProjectSettings/TagManager.asset
  artifactKey: Guid(00000000000000003000000000000000) Importer(815301076,1909f56bfc062723c751e8b465ee728b)
Start importing ProjectSettings/TagManager.asset using Guid(00000000000000003000000000000000) Importer(815301076,1909f56bfc062723c751e8b465ee728b)  -> (artifact id: 'b3cadb55b1fc610b0f90a9586cb28735') in 0.010287 seconds 
  Import took 0.013900 seconds .

========================================================================
Received Import Request.
  Time since last request: 84.487978 seconds.
  path: Assets/Samples/Google Cardboard XR Plugin for Unity/1.9.0/Hello Cardboard/Scripts/CameraPointer.cs
  artifactKey: Guid(aebfb4b86b2e54606894da54f755db2d) Importer(815301076,1909f56bfc062723c751e8b465ee728b)
Start importing Assets/Samples/Google Cardboard XR Plugin for Unity/1.9.0/Hello Cardboard/Scripts/CameraPointer.cs using Guid(aebfb4b86b2e54606894da54f755db2d) Importer(815301076,1909f56bfc062723c751e8b465ee728b)  -> (artifact id: '9fe090b5dea1f4a5f2f4bc2724e13c4e') in 0.001249 seconds 
  Import took 0.021558 seconds .

========================================================================
Received Import Request.
  Time since last request: 120.877293 seconds.
  path: Assets/Samples/Google Cardboard XR Plugin for Unity/1.9.0/Hello Cardboard/Scripts/CameraPointer.cs
  artifactKey: Guid(aebfb4b86b2e54606894da54f755db2d) Importer(815301076,1909f56bfc062723c751e8b465ee728b)
Start importing Assets/Samples/Google Cardboard XR Plugin for Unity/1.9.0/Hello Cardboard/Scripts/CameraPointer.cs using Guid(aebfb4b86b2e54606894da54f755db2d) Importer(815301076,1909f56bfc062723c751e8b465ee728b)  -> (artifact id: '934f805a2e094b3345e5e0647325f181') in 0.001197 seconds 
  Import took 0.004586 seconds .

========================================================================
Received Prepare
Registering precompiled user dll's ...
Registered in 0.002626 seconds.
Begin MonoManager ReloadAssembly
Native extension for WindowsStandalone target not found
Refreshing native plugins compatible for Editor in 0.52 ms, found 2 plugins.
Preloading 0 native plugins for Editor in 0.00 ms.
Mono: successfully reloaded assembly
- Completed reload, in  0.869 seconds
Domain Reload Profiling:
	ReloadAssembly (869ms)
		BeginReloadAssembly (98ms)
			ExecutionOrderSort (0ms)
			DisableScriptedObjects (4ms)
			BackupInstance (0ms)
			ReleaseScriptingObjects (0ms)
			CreateAndSetChildDomain (39ms)
		EndReloadAssembly (720ms)
			LoadAssemblies (76ms)
			RebuildTransferFunctionScriptingTraits (0ms)
			SetupTypeCache (252ms)
			ReleaseScriptCaches (1ms)
			RebuildScriptCaches (35ms)
			SetupLoadedEditorAssemblies (262ms)
				LogAssemblyErrors (0ms)
				InitializePlatformSupportModulesInManaged (4ms)
				SetLoadedEditorAssemblies (0ms)
				RefreshPlugins (1ms)
				BeforeProcessingInitializeOnLoad (72ms)
				ProcessInitializeOnLoadAttributes (176ms)
				ProcessInitializeOnLoadMethodAttributes (7ms)
				AfterProcessingInitializeOnLoad (2ms)
				EditorAssembliesLoaded (0ms)
			ExecutionOrderSort2 (0ms)
			AwakeInstancesAfterBackupRestoration (6ms)
Platform modules already initialized, skipping
Switching build target platform(19) subTarget(0) extendedPlatform(0) -> platform(13) subTarget(524288) extendedPlatform(0)
Refreshing native plugins compatible for Editor in 0.49 ms, found 2 plugins.
Preloading 0 native plugins for Editor in 0.00 ms.
Unloading 1586 Unused Serialized files (Serialized files now loaded: 0)
System memory in use before: 75.5 MB.
System memory in use after: 75.6 MB.

Unloading 16 unused Assets to reduce memory usage. Loaded Objects now: 2096.
Total: 3.859800 ms (FindLiveObjects: 0.267800 ms CreateObjectMapping: 0.098500 ms MarkObjects: 3.469600 ms  DeleteObjects: 0.022400 ms)

AssetImportParameters requested are different than current active one (requested -> active):
  custom:framework-win-MediaFoundation: 216162199b28c13a410421893ffa2e32 -> 
  custom:video-decoder-ogg-theora: a1e56fd34408186e4bbccfd4996cb3dc -> 
  custom:container-muxer-webm: aa71ff27fc2769a1b78a27578f13a17b -> 
  custom:container-demuxer-webm: 4f35f7cbe854078d1ac9338744f61a02 -> 
  custom:container-demuxer-ogg: 62fdf1f143b41e24485cea50d1cbac27 -> 
  custom:video-encoder-webm-vp8: eb34c28f22e8b96e1ab97ce403110664 -> 
  custom:video-decoder-webm-vp8: 9c59270c3fd7afecdb556c50c9e8de78 -> 
  custom:graphics/normal-map-encoding: 01000000000000000000000000000000 -> 02000000000000000000000000000000
  custom:audio-decoder-ogg-vorbis: bf7c407c2cedff20999df2af8eb42d56 -> 
  custom:audio-encoder-webm-vorbis: bf7c407c2cedff20999df2af8eb42d56 -> 
========================================================================
Received Import Request.
  Time since last request: 133.726886 seconds.
  path: Assets/Samples/Google Cardboard XR Plugin for Unity/1.9.0/Hello Cardboard/Scripts/CameraPointer.cs
  artifactKey: Guid(aebfb4b86b2e54606894da54f755db2d) Importer(815301076,1909f56bfc062723c751e8b465ee728b)
Start importing Assets/Samples/Google Cardboard XR Plugin for Unity/1.9.0/Hello Cardboard/Scripts/CameraPointer.cs using Guid(aebfb4b86b2e54606894da54f755db2d) Importer(815301076,1909f56bfc062723c751e8b465ee728b)  -> (artifact id: '05772227406852978836264c28361182') in 0.005052 seconds 
  Import took 0.008532 seconds .

========================================================================
Received Prepare
Registering precompiled user dll's ...
Registered in 0.002772 seconds.
Begin MonoManager ReloadAssembly
Native extension for WindowsStandalone target not found
Refreshing native plugins compatible for Editor in 0.51 ms, found 2 plugins.
Preloading 0 native plugins for Editor in 0.00 ms.
Mono: successfully reloaded assembly
- Completed reload, in  0.860 seconds
Domain Reload Profiling:
	ReloadAssembly (861ms)
		BeginReloadAssembly (95ms)
			ExecutionOrderSort (0ms)
			DisableScriptedObjects (4ms)
			BackupInstance (0ms)
			ReleaseScriptingObjects (0ms)
			CreateAndSetChildDomain (37ms)
		EndReloadAssembly (715ms)
			LoadAssemblies (72ms)
			RebuildTransferFunctionScriptingTraits (0ms)
			SetupTypeCache (248ms)
			ReleaseScriptCaches (1ms)
			RebuildScriptCaches (35ms)
			SetupLoadedEditorAssemblies (263ms)
				LogAssemblyErrors (0ms)
				InitializePlatformSupportModulesInManaged (4ms)
				SetLoadedEditorAssemblies (0ms)
				RefreshPlugins (1ms)
				BeforeProcessingInitializeOnLoad (72ms)
				ProcessInitializeOnLoadAttributes (177ms)
				ProcessInitializeOnLoadMethodAttributes (7ms)
				AfterProcessingInitializeOnLoad (2ms)
				EditorAssembliesLoaded (0ms)
			ExecutionOrderSort2 (0ms)
			AwakeInstancesAfterBackupRestoration (6ms)
Platform modules already initialized, skipping
Switching build target platform(19) subTarget(0) extendedPlatform(0) -> platform(13) subTarget(524288) extendedPlatform(0)
Refreshing native plugins compatible for Editor in 0.50 ms, found 2 plugins.
Preloading 0 native plugins for Editor in 0.00 ms.
Unloading 1586 Unused Serialized files (Serialized files now loaded: 0)
System memory in use before: 75.5 MB.
System memory in use after: 75.6 MB.

Unloading 15 unused Assets to reduce memory usage. Loaded Objects now: 2099.
Total: 3.574100 ms (FindLiveObjects: 0.268500 ms CreateObjectMapping: 0.098800 ms MarkObjects: 3.187200 ms  DeleteObjects: 0.018300 ms)

AssetImportParameters requested are different than current active one (requested -> active):
  custom:framework-win-MediaFoundation: 216162199b28c13a410421893ffa2e32 -> 
  custom:video-decoder-ogg-theora: a1e56fd34408186e4bbccfd4996cb3dc -> 
  custom:container-muxer-webm: aa71ff27fc2769a1b78a27578f13a17b -> 
  custom:container-demuxer-webm: 4f35f7cbe854078d1ac9338744f61a02 -> 
  custom:container-demuxer-ogg: 62fdf1f143b41e24485cea50d1cbac27 -> 
  custom:video-encoder-webm-vp8: eb34c28f22e8b96e1ab97ce403110664 -> 
  custom:video-decoder-webm-vp8: 9c59270c3fd7afecdb556c50c9e8de78 -> 
  custom:graphics/normal-map-encoding: 01000000000000000000000000000000 -> 02000000000000000000000000000000
  custom:audio-decoder-ogg-vorbis: bf7c407c2cedff20999df2af8eb42d56 -> 
  custom:audio-encoder-webm-vorbis: bf7c407c2cedff20999df2af8eb42d56 -> 
========================================================================
Received Import Request.
  Time since last request: 94.049170 seconds.
  path: Assets/Samples/Google Cardboard XR Plugin for Unity/1.9.0/Hello Cardboard/Scripts/CameraPointer.cs
  artifactKey: Guid(aebfb4b86b2e54606894da54f755db2d) Importer(815301076,1909f56bfc062723c751e8b465ee728b)
Start importing Assets/Samples/Google Cardboard XR Plugin for Unity/1.9.0/Hello Cardboard/Scripts/CameraPointer.cs using Guid(aebfb4b86b2e54606894da54f755db2d) Importer(815301076,1909f56bfc062723c751e8b465ee728b)  -> (artifact id: '7a1ccfb74e6cc8b969587425a63b13eb') in 0.004535 seconds 
  Import took 0.007771 seconds .

========================================================================
Received Prepare
Registering precompiled user dll's ...
Registered in 0.002556 seconds.
Begin MonoManager ReloadAssembly
Native extension for WindowsStandalone target not found
Refreshing native plugins compatible for Editor in 0.52 ms, found 2 plugins.
Preloading 0 native plugins for Editor in 0.00 ms.
Mono: successfully reloaded assembly
- Completed reload, in  0.854 seconds
Domain Reload Profiling:
	ReloadAssembly (855ms)
		BeginReloadAssembly (96ms)
			ExecutionOrderSort (0ms)
			DisableScriptedObjects (4ms)
			BackupInstance (0ms)
			ReleaseScriptingObjects (0ms)
			CreateAndSetChildDomain (37ms)
		EndReloadAssembly (710ms)
			LoadAssemblies (72ms)
			RebuildTransferFunctionScriptingTraits (0ms)
			SetupTypeCache (245ms)
			ReleaseScriptCaches (1ms)
			RebuildScriptCaches (34ms)
			SetupLoadedEditorAssemblies (260ms)
				LogAssemblyErrors (0ms)
				InitializePlatformSupportModulesInManaged (4ms)
				SetLoadedEditorAssemblies (0ms)
				RefreshPlugins (1ms)
				BeforeProcessingInitializeOnLoad (71ms)
				ProcessInitializeOnLoadAttributes (175ms)
				ProcessInitializeOnLoadMethodAttributes (7ms)
				AfterProcessingInitializeOnLoad (2ms)
				EditorAssembliesLoaded (0ms)
			ExecutionOrderSort2 (0ms)
			AwakeInstancesAfterBackupRestoration (6ms)
Platform modules already initialized, skipping
Switching build target platform(19) subTarget(0) extendedPlatform(0) -> platform(13) subTarget(524288) extendedPlatform(0)
Refreshing native plugins compatible for Editor in 0.50 ms, found 2 plugins.
Preloading 0 native plugins for Editor in 0.00 ms.
Unloading 1586 Unused Serialized files (Serialized files now loaded: 0)
System memory in use before: 75.5 MB.
System memory in use after: 75.6 MB.

Unloading 15 unused Assets to reduce memory usage. Loaded Objects now: 2102.
Total: 4.075800 ms (FindLiveObjects: 0.272100 ms CreateObjectMapping: 0.097200 ms MarkObjects: 3.683000 ms  DeleteObjects: 0.021700 ms)

AssetImportParameters requested are different than current active one (requested -> active):
  custom:framework-win-MediaFoundation: 216162199b28c13a410421893ffa2e32 -> 
  custom:video-decoder-ogg-theora: a1e56fd34408186e4bbccfd4996cb3dc -> 
  custom:container-muxer-webm: aa71ff27fc2769a1b78a27578f13a17b -> 
  custom:container-demuxer-webm: 4f35f7cbe854078d1ac9338744f61a02 -> 
  custom:container-demuxer-ogg: 62fdf1f143b41e24485cea50d1cbac27 -> 
  custom:video-encoder-webm-vp8: eb34c28f22e8b96e1ab97ce403110664 -> 
  custom:video-decoder-webm-vp8: 9c59270c3fd7afecdb556c50c9e8de78 -> 
  custom:graphics/normal-map-encoding: 01000000000000000000000000000000 -> 02000000000000000000000000000000
  custom:audio-decoder-ogg-vorbis: bf7c407c2cedff20999df2af8eb42d56 -> 
  custom:audio-encoder-webm-vorbis: bf7c407c2cedff20999df2af8eb42d56 -> 
========================================================================
Received Prepare
Registering precompiled user dll's ...
Registered in 0.002635 seconds.
Begin MonoManager ReloadAssembly
Native extension for WindowsStandalone target not found
Refreshing native plugins compatible for Editor in 0.50 ms, found 2 plugins.
Preloading 0 native plugins for Editor in 0.00 ms.
Mono: successfully reloaded assembly
- Completed reload, in  0.855 seconds
Domain Reload Profiling:
	ReloadAssembly (855ms)
		BeginReloadAssembly (94ms)
			ExecutionOrderSort (0ms)
			DisableScriptedObjects (4ms)
			BackupInstance (0ms)
			ReleaseScriptingObjects (0ms)
			CreateAndSetChildDomain (36ms)
		EndReloadAssembly (712ms)
			LoadAssemblies (72ms)
			RebuildTransferFunctionScriptingTraits (0ms)
			SetupTypeCache (245ms)
			ReleaseScriptCaches (1ms)
			RebuildScriptCaches (34ms)
			SetupLoadedEditorAssemblies (261ms)
				LogAssemblyErrors (0ms)
				InitializePlatformSupportModulesInManaged (4ms)
				SetLoadedEditorAssemblies (0ms)
				RefreshPlugins (1ms)
				BeforeProcessingInitializeOnLoad (71ms)
				ProcessInitializeOnLoadAttributes (176ms)
				ProcessInitializeOnLoadMethodAttributes (7ms)
				AfterProcessingInitializeOnLoad (2ms)
				EditorAssembliesLoaded (0ms)
			ExecutionOrderSort2 (0ms)
			AwakeInstancesAfterBackupRestoration (6ms)
Platform modules already initialized, skipping
Switching build target platform(19) subTarget(0) extendedPlatform(0) -> platform(13) subTarget(524288) extendedPlatform(0)
Refreshing native plugins compatible for Editor in 0.50 ms, found 2 plugins.
Preloading 0 native plugins for Editor in 0.00 ms.
Unloading 1586 Unused Serialized files (Serialized files now loaded: 0)
System memory in use before: 75.5 MB.
System memory in use after: 75.6 MB.

Unloading 15 unused Assets to reduce memory usage. Loaded Objects now: 2105.
Total: 3.475700 ms (FindLiveObjects: 0.260700 ms CreateObjectMapping: 0.073000 ms MarkObjects: 3.121000 ms  DeleteObjects: 0.019900 ms)

AssetImportParameters requested are different than current active one (requested -> active):
  custom:framework-win-MediaFoundation: 216162199b28c13a410421893ffa2e32 -> 
  custom:video-decoder-ogg-theora: a1e56fd34408186e4bbccfd4996cb3dc -> 
  custom:container-muxer-webm: aa71ff27fc2769a1b78a27578f13a17b -> 
  custom:container-demuxer-webm: 4f35f7cbe854078d1ac9338744f61a02 -> 
  custom:container-demuxer-ogg: 62fdf1f143b41e24485cea50d1cbac27 -> 
  custom:video-encoder-webm-vp8: eb34c28f22e8b96e1ab97ce403110664 -> 
  custom:video-decoder-webm-vp8: 9c59270c3fd7afecdb556c50c9e8de78 -> 
  custom:graphics/normal-map-encoding: 01000000000000000000000000000000 -> 02000000000000000000000000000000
  custom:audio-decoder-ogg-vorbis: bf7c407c2cedff20999df2af8eb42d56 -> 
  custom:audio-encoder-webm-vorbis: bf7c407c2cedff20999df2af8eb42d56 -> 
========================================================================
Received Import Request.
  Time since last request: 317.021186 seconds.
  path: Assets/Samples/Google Cardboard XR Plugin for Unity/1.9.0/Hello Cardboard/Scripts/CameraPointer.cs
  artifactKey: Guid(aebfb4b86b2e54606894da54f755db2d) Importer(815301076,1909f56bfc062723c751e8b465ee728b)
Start importing Assets/Samples/Google Cardboard XR Plugin for Unity/1.9.0/Hello Cardboard/Scripts/CameraPointer.cs using Guid(aebfb4b86b2e54606894da54f755db2d) Importer(815301076,1909f56bfc062723c751e8b465ee728b)  -> (artifact id: '5cb327847fbe00e6de4c7d8f523b9e0d') in 0.003938 seconds 
  Import took 0.006816 seconds .

========================================================================
Received Import Request.
  Time since last request: 10.258192 seconds.
  path: Assets/Prefabs/Menu/Materials/background 1.mat
  artifactKey: Guid(3c1b6878de951fd4ea8f3a99720eb36d) Importer(815301076,1909f56bfc062723c751e8b465ee728b)
Start importing Assets/Prefabs/Menu/Materials/background 1.mat using Guid(3c1b6878de951fd4ea8f3a99720eb36d) Importer(815301076,1909f56bfc062723c751e8b465ee728b)  -> (artifact id: 'c3a578cc089e7f5b4023b20213ccc83e') in 0.096629 seconds 
  Import took 0.099889 seconds .

========================================================================
Received Import Request.
  Time since last request: 0.000288 seconds.
  path: Assets/Prefabs/Menu/Materials/Background_New.mat
  artifactKey: Guid(681876e98fd47a740b92fc9d5cad9fa8) Importer(815301076,1909f56bfc062723c751e8b465ee728b)
Start importing Assets/Prefabs/Menu/Materials/Background_New.mat using Guid(681876e98fd47a740b92fc9d5cad9fa8) Importer(815301076,1909f56bfc062723c751e8b465ee728b)  -> (artifact id: '78d379616e5fa02084cd03701b1d347c') in 0.026842 seconds 
  Import took 0.029882 seconds .

========================================================================
Received Import Request.
  Time since last request: 0.000224 seconds.
  path: Assets/Prefabs/Menu/Materials/background 2.mat
  artifactKey: Guid(efa5ca9b944606f409b3871a4d19c8dd) Importer(815301076,1909f56bfc062723c751e8b465ee728b)
Start importing Assets/Prefabs/Menu/Materials/background 2.mat using Guid(efa5ca9b944606f409b3871a4d19c8dd) Importer(815301076,1909f56bfc062723c751e8b465ee728b)  -> (artifact id: '648a215cc2f31126100863aae580c44a') in 0.025646 seconds 
  Import took 0.028667 seconds .

========================================================================
Received Import Request.
  Time since last request: 208.922296 seconds.
  path: Assets/Samples/Google Cardboard XR Plugin for Unity/1.9.0/Hello Cardboard/Scripts/CameraPointer.cs
  artifactKey: Guid(aebfb4b86b2e54606894da54f755db2d) Importer(815301076,1909f56bfc062723c751e8b465ee728b)
Start importing Assets/Samples/Google Cardboard XR Plugin for Unity/1.9.0/Hello Cardboard/Scripts/CameraPointer.cs using Guid(aebfb4b86b2e54606894da54f755db2d) Importer(815301076,1909f56bfc062723c751e8b465ee728b)  -> (artifact id: '286377bd5d68e44306d73beee55e0cb2') in 0.001268 seconds 
  Import took 0.004908 seconds .

========================================================================
Received Prepare
Registering precompiled user dll's ...
Registered in 0.002587 seconds.
Begin MonoManager ReloadAssembly
Native extension for WindowsStandalone target not found
Refreshing native plugins compatible for Editor in 0.50 ms, found 2 plugins.
Preloading 0 native plugins for Editor in 0.00 ms.
Mono: successfully reloaded assembly
- Completed reload, in  0.856 seconds
Domain Reload Profiling:
	ReloadAssembly (856ms)
		BeginReloadAssembly (95ms)
			ExecutionOrderSort (0ms)
			DisableScriptedObjects (3ms)
			BackupInstance (0ms)
			ReleaseScriptingObjects (0ms)
			CreateAndSetChildDomain (37ms)
		EndReloadAssembly (712ms)
			LoadAssemblies (72ms)
			RebuildTransferFunctionScriptingTraits (0ms)
			SetupTypeCache (243ms)
			ReleaseScriptCaches (1ms)
			RebuildScriptCaches (34ms)
			SetupLoadedEditorAssemblies (259ms)
				LogAssemblyErrors (0ms)
				InitializePlatformSupportModulesInManaged (4ms)
				SetLoadedEditorAssemblies (0ms)
				RefreshPlugins (1ms)
				BeforeProcessingInitializeOnLoad (70ms)
				ProcessInitializeOnLoadAttributes (175ms)
				ProcessInitializeOnLoadMethodAttributes (7ms)
				AfterProcessingInitializeOnLoad (2ms)
				EditorAssembliesLoaded (0ms)
			ExecutionOrderSort2 (0ms)
			AwakeInstancesAfterBackupRestoration (6ms)
Platform modules already initialized, skipping
Switching build target platform(19) subTarget(0) extendedPlatform(0) -> platform(13) subTarget(524288) extendedPlatform(0)
Refreshing native plugins compatible for Editor in 0.51 ms, found 2 plugins.
Preloading 0 native plugins for Editor in 0.00 ms.
Unloading 1586 Unused Serialized files (Serialized files now loaded: 0)
System memory in use before: 75.5 MB.
System memory in use after: 75.6 MB.

Unloading 15 unused Assets to reduce memory usage. Loaded Objects now: 2109.
Total: 3.799600 ms (FindLiveObjects: 0.254300 ms CreateObjectMapping: 0.038200 ms MarkObjects: 3.484400 ms  DeleteObjects: 0.021500 ms)

AssetImportParameters requested are different than current active one (requested -> active):
  custom:framework-win-MediaFoundation: 216162199b28c13a410421893ffa2e32 -> 
  custom:video-decoder-ogg-theora: a1e56fd34408186e4bbccfd4996cb3dc -> 
  custom:container-muxer-webm: aa71ff27fc2769a1b78a27578f13a17b -> 
  custom:container-demuxer-webm: 4f35f7cbe854078d1ac9338744f61a02 -> 
  custom:container-demuxer-ogg: 62fdf1f143b41e24485cea50d1cbac27 -> 
  custom:video-encoder-webm-vp8: eb34c28f22e8b96e1ab97ce403110664 -> 
  custom:video-decoder-webm-vp8: 9c59270c3fd7afecdb556c50c9e8de78 -> 
  custom:graphics/normal-map-encoding: 01000000000000000000000000000000 -> 02000000000000000000000000000000
  custom:audio-decoder-ogg-vorbis: bf7c407c2cedff20999df2af8eb42d56 -> 
  custom:audio-encoder-webm-vorbis: bf7c407c2cedff20999df2af8eb42d56 -> 
========================================================================
Received Import Request.
  Time since last request: 294.546632 seconds.
  path: Assets/Prefabs/Menu/arrow.png
  artifactKey: Guid(e6908bb32180fa94e926cd61f85cf414) Importer(815301076,1909f56bfc062723c751e8b465ee728b)
Start importing Assets/Prefabs/Menu/arrow.png using Guid(e6908bb32180fa94e926cd61f85cf414) Importer(815301076,1909f56bfc062723c751e8b465ee728b)  -> (artifact id: '65dba8304581608b6a1a9ce249195a4d') in 0.047381 seconds 
  Import took 0.051157 seconds .

========================================================================
Received Import Request.
  Time since last request: 31.209411 seconds.
  path: Assets/Prefabs/Menu/Back.mat
  artifactKey: Guid(53e06cb6360fe1f419f0b58c0b4abcfc) Importer(815301076,1909f56bfc062723c751e8b465ee728b)
Start importing Assets/Prefabs/Menu/Back.mat using Guid(53e06cb6360fe1f419f0b58c0b4abcfc) Importer(815301076,1909f56bfc062723c751e8b465ee728b)  -> (artifact id: '77084b12d8471e12103f4928882d11b0') in 0.033146 seconds 
  Import took 0.036296 seconds .

========================================================================
Received Prepare
Registering precompiled user dll's ...
Registered in 0.002595 seconds.
Begin MonoManager ReloadAssembly
Native extension for WindowsStandalone target not found
Refreshing native plugins compatible for Editor in 0.53 ms, found 2 plugins.
Preloading 0 native plugins for Editor in 0.00 ms.
Mono: successfully reloaded assembly
- Completed reload, in  0.872 seconds
Domain Reload Profiling:
	ReloadAssembly (873ms)
		BeginReloadAssembly (95ms)
			ExecutionOrderSort (0ms)
			DisableScriptedObjects (3ms)
			BackupInstance (0ms)
			ReleaseScriptingObjects (0ms)
			CreateAndSetChildDomain (37ms)
		EndReloadAssembly (727ms)
			LoadAssemblies (72ms)
			RebuildTransferFunctionScriptingTraits (0ms)
			SetupTypeCache (246ms)
			ReleaseScriptCaches (1ms)
			RebuildScriptCaches (35ms)
			SetupLoadedEditorAssemblies (267ms)
				LogAssemblyErrors (0ms)
				InitializePlatformSupportModulesInManaged (4ms)
				SetLoadedEditorAssemblies (0ms)
				RefreshPlugins (1ms)
				BeforeProcessingInitializeOnLoad (74ms)
				ProcessInitializeOnLoadAttributes (178ms)
				ProcessInitializeOnLoadMethodAttributes (7ms)
				AfterProcessingInitializeOnLoad (2ms)
				EditorAssembliesLoaded (0ms)
			ExecutionOrderSort2 (0ms)
			AwakeInstancesAfterBackupRestoration (6ms)
Platform modules already initialized, skipping
Switching build target platform(19) subTarget(0) extendedPlatform(0) -> platform(13) subTarget(524288) extendedPlatform(0)
Refreshing native plugins compatible for Editor in 0.52 ms, found 2 plugins.
Preloading 0 native plugins for Editor in 0.00 ms.
Unloading 1586 Unused Serialized files (Serialized files now loaded: 0)
System memory in use before: 75.5 MB.
System memory in use after: 75.6 MB.

Unloading 15 unused Assets to reduce memory usage. Loaded Objects now: 2113.
Total: 3.629000 ms (FindLiveObjects: 0.273200 ms CreateObjectMapping: 0.039800 ms MarkObjects: 3.293300 ms  DeleteObjects: 0.021500 ms)

AssetImportParameters requested are different than current active one (requested -> active):
  custom:framework-win-MediaFoundation: 216162199b28c13a410421893ffa2e32 -> 
  custom:video-decoder-ogg-theora: a1e56fd34408186e4bbccfd4996cb3dc -> 
  custom:container-muxer-webm: aa71ff27fc2769a1b78a27578f13a17b -> 
  custom:container-demuxer-webm: 4f35f7cbe854078d1ac9338744f61a02 -> 
  custom:container-demuxer-ogg: 62fdf1f143b41e24485cea50d1cbac27 -> 
  custom:video-encoder-webm-vp8: eb34c28f22e8b96e1ab97ce403110664 -> 
  custom:video-decoder-webm-vp8: 9c59270c3fd7afecdb556c50c9e8de78 -> 
  custom:graphics/normal-map-encoding: 01000000000000000000000000000000 -> 02000000000000000000000000000000
  custom:audio-decoder-ogg-vorbis: bf7c407c2cedff20999df2af8eb42d56 -> 
  custom:audio-encoder-webm-vorbis: bf7c407c2cedff20999df2af8eb42d56 -> 
========================================================================
Received Prepare
Registering precompiled user dll's ...
Registered in 0.002561 seconds.
Begin MonoManager ReloadAssembly
Native extension for WindowsStandalone target not found
Refreshing native plugins compatible for Editor in 0.50 ms, found 2 plugins.
Preloading 0 native plugins for Editor in 0.00 ms.
Mono: successfully reloaded assembly
- Completed reload, in  0.871 seconds
Domain Reload Profiling:
	ReloadAssembly (871ms)
		BeginReloadAssembly (92ms)
			ExecutionOrderSort (0ms)
			DisableScriptedObjects (4ms)
			BackupInstance (0ms)
			ReleaseScriptingObjects (0ms)
			CreateAndSetChildDomain (35ms)
		EndReloadAssembly (729ms)
			LoadAssemblies (72ms)
			RebuildTransferFunctionScriptingTraits (0ms)
			SetupTypeCache (246ms)
			ReleaseScriptCaches (1ms)
			RebuildScriptCaches (36ms)
			SetupLoadedEditorAssemblies (266ms)
				LogAssemblyErrors (0ms)
				InitializePlatformSupportModulesInManaged (4ms)
				SetLoadedEditorAssemblies (0ms)
				RefreshPlugins (1ms)
				BeforeProcessingInitializeOnLoad (73ms)
				ProcessInitializeOnLoadAttributes (179ms)
				ProcessInitializeOnLoadMethodAttributes (7ms)
				AfterProcessingInitializeOnLoad (2ms)
				EditorAssembliesLoaded (0ms)
			ExecutionOrderSort2 (0ms)
			AwakeInstancesAfterBackupRestoration (6ms)
Platform modules already initialized, skipping
Switching build target platform(19) subTarget(0) extendedPlatform(0) -> platform(13) subTarget(524288) extendedPlatform(0)
Refreshing native plugins compatible for Editor in 0.50 ms, found 2 plugins.
Preloading 0 native plugins for Editor in 0.00 ms.
Unloading 1586 Unused Serialized files (Serialized files now loaded: 0)
System memory in use before: 75.5 MB.
System memory in use after: 75.6 MB.

Unloading 15 unused Assets to reduce memory usage. Loaded Objects now: 2116.
Total: 3.759900 ms (FindLiveObjects: 0.287900 ms CreateObjectMapping: 0.040900 ms MarkObjects: 3.406900 ms  DeleteObjects: 0.023300 ms)

AssetImportParameters requested are different than current active one (requested -> active):
  custom:framework-win-MediaFoundation: 216162199b28c13a410421893ffa2e32 -> 
  custom:video-decoder-ogg-theora: a1e56fd34408186e4bbccfd4996cb3dc -> 
  custom:container-muxer-webm: aa71ff27fc2769a1b78a27578f13a17b -> 
  custom:container-demuxer-webm: 4f35f7cbe854078d1ac9338744f61a02 -> 
  custom:container-demuxer-ogg: 62fdf1f143b41e24485cea50d1cbac27 -> 
  custom:video-encoder-webm-vp8: eb34c28f22e8b96e1ab97ce403110664 -> 
  custom:video-decoder-webm-vp8: 9c59270c3fd7afecdb556c50c9e8de78 -> 
  custom:graphics/normal-map-encoding: 01000000000000000000000000000000 -> 02000000000000000000000000000000
  custom:audio-decoder-ogg-vorbis: bf7c407c2cedff20999df2af8eb42d56 -> 
  custom:audio-encoder-webm-vorbis: bf7c407c2cedff20999df2af8eb42d56 -> 
========================================================================
Received Prepare
Refreshing native plugins compatible for Editor in 2.36 ms, found 2 plugins.
Preloading 0 native plugins for Editor in 0.00 ms.
Unloading 12 Unused Serialized files (Serialized files now loaded: 0)
System memory in use before: 44.4 MB.
System memory in use after: 44.5 MB.

Unloading 12 unused Assets to reduce memory usage. Loaded Objects now: 2116.
Total: 3.706400 ms (FindLiveObjects: 0.261200 ms CreateObjectMapping: 0.045100 ms MarkObjects: 3.384600 ms  DeleteObjects: 0.014200 ms)

AssetImportParameters requested are different than current active one (requested -> active):
  custom:framework-win-MediaFoundation: 216162199b28c13a410421893ffa2e32 -> 
  custom:video-decoder-ogg-theora: a1e56fd34408186e4bbccfd4996cb3dc -> 
  custom:container-muxer-webm: aa71ff27fc2769a1b78a27578f13a17b -> 
  custom:container-demuxer-webm: 4f35f7cbe854078d1ac9338744f61a02 -> 
  custom:container-demuxer-ogg: 62fdf1f143b41e24485cea50d1cbac27 -> 
  custom:video-encoder-webm-vp8: eb34c28f22e8b96e1ab97ce403110664 -> 
  custom:video-decoder-webm-vp8: 9c59270c3fd7afecdb556c50c9e8de78 -> 
  custom:audio-decoder-ogg-vorbis: bf7c407c2cedff20999df2af8eb42d56 -> 
  custom:audio-encoder-webm-vorbis: bf7c407c2cedff20999df2af8eb42d56 -> 
========================================================================
Received Import Request.
  Time since last request: 514.251541 seconds.
  path: Assets/Prefabs/Menu/Back.mat
  artifactKey: Guid(53e06cb6360fe1f419f0b58c0b4abcfc) Importer(815301076,1909f56bfc062723c751e8b465ee728b)
Start importing Assets/Prefabs/Menu/Back.mat using Guid(53e06cb6360fe1f419f0b58c0b4abcfc) Importer(815301076,1909f56bfc062723c751e8b465ee728b)  -> (artifact id: 'd12a77dccb371aaef19f003150b5c2b3') in 0.060367 seconds 
  Import took 0.063580 seconds .

========================================================================
Received Import Request.
  Time since last request: 167.105033 seconds.
  path: Assets/Scripts/Audio/Sound.cs
  artifactKey: Guid(e8941b72e49f4174e94a77fd02a48d9e) Importer(815301076,1909f56bfc062723c751e8b465ee728b)
Start importing Assets/Scripts/Audio/Sound.cs using Guid(e8941b72e49f4174e94a77fd02a48d9e) Importer(815301076,1909f56bfc062723c751e8b465ee728b)  -> (artifact id: 'c569c7b8df11a9c027882cf11c41226b') in 0.001169 seconds 
  Import took 0.004575 seconds .

========================================================================
Received Import Request.
  Time since last request: 15.488524 seconds.
  path: Assets/Scripts/Audio/AudioManager.cs
  artifactKey: Guid(7c9857d4db7eff24eb2e30e435a1b363) Importer(815301076,1909f56bfc062723c751e8b465ee728b)
Start importing Assets/Scripts/Audio/AudioManager.cs using Guid(7c9857d4db7eff24eb2e30e435a1b363) Importer(815301076,1909f56bfc062723c751e8b465ee728b)  -> (artifact id: '3c3503555d37c442e871a06992590816') in 0.001101 seconds 
  Import took 0.004046 seconds .

========================================================================
Received Prepare
Registering precompiled user dll's ...
Registered in 0.002706 seconds.
Begin MonoManager ReloadAssembly
Native extension for WindowsStandalone target not found
Refreshing native plugins compatible for Editor in 0.55 ms, found 2 plugins.
Preloading 0 native plugins for Editor in 0.00 ms.
Mono: successfully reloaded assembly
- Completed reload, in  0.864 seconds
Domain Reload Profiling:
	ReloadAssembly (864ms)
		BeginReloadAssembly (96ms)
			ExecutionOrderSort (0ms)
			DisableScriptedObjects (3ms)
			BackupInstance (0ms)
			ReleaseScriptingObjects (0ms)
			CreateAndSetChildDomain (38ms)
		EndReloadAssembly (718ms)
			LoadAssemblies (73ms)
			RebuildTransferFunctionScriptingTraits (0ms)
			SetupTypeCache (243ms)
			ReleaseScriptCaches (1ms)
			RebuildScriptCaches (34ms)
			SetupLoadedEditorAssemblies (259ms)
				LogAssemblyErrors (0ms)
				InitializePlatformSupportModulesInManaged (4ms)
				SetLoadedEditorAssemblies (0ms)
				RefreshPlugins (1ms)
				BeforeProcessingInitializeOnLoad (71ms)
				ProcessInitializeOnLoadAttributes (174ms)
				ProcessInitializeOnLoadMethodAttributes (7ms)
				AfterProcessingInitializeOnLoad (2ms)
				EditorAssembliesLoaded (0ms)
			ExecutionOrderSort2 (0ms)
			AwakeInstancesAfterBackupRestoration (6ms)
Platform modules already initialized, skipping
Switching build target platform(19) subTarget(0) extendedPlatform(0) -> platform(13) subTarget(524288) extendedPlatform(0)
Refreshing native plugins compatible for Editor in 0.48 ms, found 2 plugins.
Preloading 0 native plugins for Editor in 0.00 ms.
Unloading 1586 Unused Serialized files (Serialized files now loaded: 0)
System memory in use before: 75.5 MB.
System memory in use after: 75.6 MB.

Unloading 15 unused Assets to reduce memory usage. Loaded Objects now: 2120.
Total: 3.993000 ms (FindLiveObjects: 0.255400 ms CreateObjectMapping: 0.041100 ms MarkObjects: 3.669000 ms  DeleteObjects: 0.026200 ms)

AssetImportParameters requested are different than current active one (requested -> active):
  custom:framework-win-MediaFoundation: 216162199b28c13a410421893ffa2e32 -> 
  custom:video-decoder-ogg-theora: a1e56fd34408186e4bbccfd4996cb3dc -> 
  custom:container-muxer-webm: aa71ff27fc2769a1b78a27578f13a17b -> 
  custom:container-demuxer-webm: 4f35f7cbe854078d1ac9338744f61a02 -> 
  custom:container-demuxer-ogg: 62fdf1f143b41e24485cea50d1cbac27 -> 
  custom:video-encoder-webm-vp8: eb34c28f22e8b96e1ab97ce403110664 -> 
  custom:video-decoder-webm-vp8: 9c59270c3fd7afecdb556c50c9e8de78 -> 
  custom:graphics/normal-map-encoding: 01000000000000000000000000000000 -> 02000000000000000000000000000000
  custom:audio-decoder-ogg-vorbis: bf7c407c2cedff20999df2af8eb42d56 -> 
  custom:audio-encoder-webm-vorbis: bf7c407c2cedff20999df2af8eb42d56 -> 
========================================================================
Received Import Request.
  Time since last request: 690.431336 seconds.
  path: Assets/Scripts/Audio/AudioManager.cs
  artifactKey: Guid(7c9857d4db7eff24eb2e30e435a1b363) Importer(815301076,1909f56bfc062723c751e8b465ee728b)
Start importing Assets/Scripts/Audio/AudioManager.cs using Guid(7c9857d4db7eff24eb2e30e435a1b363) Importer(815301076,1909f56bfc062723c751e8b465ee728b)  -> (artifact id: '386fef531f582a2d4786c32e1a929729') in 0.003851 seconds 
  Import took 0.006634 seconds .

========================================================================
Received Prepare
Refreshing native plugins compatible for Editor in 2.28 ms, found 2 plugins.
Preloading 0 native plugins for Editor in 0.00 ms.
Unloading 12 Unused Serialized files (Serialized files now loaded: 0)
System memory in use before: 44.4 MB.
System memory in use after: 44.6 MB.

Unloading 12 unused Assets to reduce memory usage. Loaded Objects now: 2120.
Total: 3.787400 ms (FindLiveObjects: 0.256600 ms CreateObjectMapping: 0.043900 ms MarkObjects: 3.471400 ms  DeleteObjects: 0.014200 ms)

AssetImportParameters requested are different than current active one (requested -> active):
  custom:framework-win-MediaFoundation: 216162199b28c13a410421893ffa2e32 -> 
  custom:video-decoder-ogg-theora: a1e56fd34408186e4bbccfd4996cb3dc -> 
  custom:container-muxer-webm: aa71ff27fc2769a1b78a27578f13a17b -> 
  custom:container-demuxer-webm: 4f35f7cbe854078d1ac9338744f61a02 -> 
  custom:container-demuxer-ogg: 62fdf1f143b41e24485cea50d1cbac27 -> 
  custom:video-encoder-webm-vp8: eb34c28f22e8b96e1ab97ce403110664 -> 
  custom:video-decoder-webm-vp8: 9c59270c3fd7afecdb556c50c9e8de78 -> 
  custom:audio-decoder-ogg-vorbis: bf7c407c2cedff20999df2af8eb42d56 -> 
  custom:audio-encoder-webm-vorbis: bf7c407c2cedff20999df2af8eb42d56 -> 
========================================================================
Received Import Request.
  Time since last request: 145.278728 seconds.
  path: Assets/Prefabs/Menu/Materials
  artifactKey: Guid(ae914341cbdf96a4dabc85456762a790) Importer(815301076,1909f56bfc062723c751e8b465ee728b)
Start importing Assets/Prefabs/Menu/Materials using Guid(ae914341cbdf96a4dabc85456762a790) Importer(815301076,1909f56bfc062723c751e8b465ee728b)  -> (artifact id: '2149df46aea34d36c46695e5ee6e4c0d') in 0.016882 seconds 
  Import took 0.020060 seconds .

========================================================================
Received Import Request.
  Time since last request: 66.110335 seconds.
  path: Assets/Prefabs/Menu/Back.prefab
  artifactKey: Guid(3114fa41961cf5d4198b36ab59916552) Importer(815301076,1909f56bfc062723c751e8b465ee728b)
Start importing Assets/Prefabs/Menu/Back.prefab using Guid(3114fa41961cf5d4198b36ab59916552) Importer(815301076,1909f56bfc062723c751e8b465ee728b)  -> (artifact id: '57cb7dbc86ab9e22a353733ec9fabc08') in 0.061893 seconds 
  Import took 0.076617 seconds .

========================================================================
Received Import Request.
  Time since last request: 12.515709 seconds.
  path: Assets/Scenes/Archiv.unity
  artifactKey: Guid(dae678949ada91f4d914e551b726e2fe) Importer(815301076,1909f56bfc062723c751e8b465ee728b)
Start importing Assets/Scenes/Archiv.unity using Guid(dae678949ada91f4d914e551b726e2fe) Importer(815301076,1909f56bfc062723c751e8b465ee728b)  -> (artifact id: '1cf6c4a20492356112b6a7c5a7d64c7b') in 0.001560 seconds 
  Import took 0.004545 seconds .

========================================================================
Received Prepare
Refreshing native plugins compatible for Editor in 2.31 ms, found 2 plugins.
Preloading 0 native plugins for Editor in 0.00 ms.
Unloading 12 Unused Serialized files (Serialized files now loaded: 0)
System memory in use before: 44.5 MB.
System memory in use after: 44.6 MB.

Unloading 12 unused Assets to reduce memory usage. Loaded Objects now: 2121.
Total: 4.286100 ms (FindLiveObjects: 0.287100 ms CreateObjectMapping: 0.042000 ms MarkObjects: 3.937800 ms  DeleteObjects: 0.018100 ms)

AssetImportParameters requested are different than current active one (requested -> active):
  custom:framework-win-MediaFoundation: 216162199b28c13a410421893ffa2e32 -> 
  custom:video-decoder-ogg-theora: a1e56fd34408186e4bbccfd4996cb3dc -> 
  custom:container-muxer-webm: aa71ff27fc2769a1b78a27578f13a17b -> 
  custom:container-demuxer-webm: 4f35f7cbe854078d1ac9338744f61a02 -> 
  custom:container-demuxer-ogg: 62fdf1f143b41e24485cea50d1cbac27 -> 
  custom:video-encoder-webm-vp8: eb34c28f22e8b96e1ab97ce403110664 -> 
  custom:video-decoder-webm-vp8: 9c59270c3fd7afecdb556c50c9e8de78 -> 
  custom:audio-decoder-ogg-vorbis: bf7c407c2cedff20999df2af8eb42d56 -> 
  custom:audio-encoder-webm-vorbis: bf7c407c2cedff20999df2af8eb42d56 -> 
========================================================================
Received Prepare
Refreshing native plugins compatible for Editor in 2.29 ms, found 2 plugins.
Preloading 0 native plugins for Editor in 0.00 ms.
Unloading 12 Unused Serialized files (Serialized files now loaded: 0)
System memory in use before: 44.5 MB.
System memory in use after: 44.6 MB.

Unloading 12 unused Assets to reduce memory usage. Loaded Objects now: 2121.
Total: 4.842900 ms (FindLiveObjects: 0.370400 ms CreateObjectMapping: 0.122100 ms MarkObjects: 4.330900 ms  DeleteObjects: 0.018100 ms)

AssetImportParameters requested are different than current active one (requested -> active):
  custom:framework-win-MediaFoundation: 216162199b28c13a410421893ffa2e32 -> 
  custom:video-decoder-ogg-theora: a1e56fd34408186e4bbccfd4996cb3dc -> 
  custom:container-muxer-webm: aa71ff27fc2769a1b78a27578f13a17b -> 
  custom:container-demuxer-webm: 4f35f7cbe854078d1ac9338744f61a02 -> 
  custom:container-demuxer-ogg: 62fdf1f143b41e24485cea50d1cbac27 -> 
  custom:video-encoder-webm-vp8: eb34c28f22e8b96e1ab97ce403110664 -> 
  custom:video-decoder-webm-vp8: 9c59270c3fd7afecdb556c50c9e8de78 -> 
  custom:audio-decoder-ogg-vorbis: bf7c407c2cedff20999df2af8eb42d56 -> 
  custom:audio-encoder-webm-vorbis: bf7c407c2cedff20999df2af8eb42d56 -> 
========================================================================
Received Import Request.
  Time since last request: 3136.176834 seconds.
  path: Assets/Scenes/Options.unity
  artifactKey: Guid(e4a014bc5098fb543b885b0452f4a8d1) Importer(815301076,1909f56bfc062723c751e8b465ee728b)
Start importing Assets/Scenes/Options.unity using Guid(e4a014bc5098fb543b885b0452f4a8d1) Importer(815301076,1909f56bfc062723c751e8b465ee728b)  -> (artifact id: '2cb8db4b08e016e05674a1e165dc43f7') in 0.004590 seconds 
  Import took 0.008261 seconds .

AssetImportWorkerClient::OnTransportError - code=2 error=End of file
